[2021-04-26 06:21:55] local.ERROR: A non-numeric value encountered {"exception":"[object] (ErrorException(code: 0): A non-numeric value encountered at /opt/lampp/htdocs/narsysapi/app/Http/Controllers/VariabelController.php:28)
[stacktrace]
#0 /opt/lampp/htdocs/narsysapi/app/Http/Controllers/VariabelController.php(28): Laravel\\Lumen\\Application->Laravel\\Lumen\\Concerns\\{closure}()
#1 /opt/lampp/htdocs/narsysapi/vendor/illuminate/container/BoundMethod.php(36): App\\Http\\Controllers\\VariabelController->kuota()
#2 /opt/lampp/htdocs/narsysapi/vendor/illuminate/container/Util.php(40): Illuminate\\Container\\BoundMethod::Illuminate\\Container\\{closure}()
#3 /opt/lampp/htdocs/narsysapi/vendor/illuminate/container/BoundMethod.php(93): Illuminate\\Container\\Util::unwrapIfClosure()
#4 /opt/lampp/htdocs/narsysapi/vendor/illuminate/container/BoundMethod.php(37): Illuminate\\Container\\BoundMethod::callBoundMethod()
#5 /opt/lampp/htdocs/narsysapi/vendor/illuminate/container/Container.php(611): Illuminate\\Container\\BoundMethod::call()
#6 /opt/lampp/htdocs/narsysapi/vendor/laravel/lumen-framework/src/Concerns/RoutesRequests.php(386): Illuminate\\Container\\Container->call()
#7 /opt/lampp/htdocs/narsysapi/vendor/laravel/lumen-framework/src/Concerns/RoutesRequests.php(352): Laravel\\Lumen\\Application->callControllerCallable()
#8 /opt/lampp/htdocs/narsysapi/vendor/laravel/lumen-framework/src/Concerns/RoutesRequests.php(326): Laravel\\Lumen\\Application->callLumenController()
#9 /opt/lampp/htdocs/narsysapi/vendor/laravel/lumen-framework/src/Concerns/RoutesRequests.php(279): Laravel\\Lumen\\Application->callControllerAction()
#10 /opt/lampp/htdocs/narsysapi/vendor/laravel/lumen-framework/src/Concerns/RoutesRequests.php(259): Laravel\\Lumen\\Application->callActionOnArrayBasedRoute()
#11 /opt/lampp/htdocs/narsysapi/vendor/laravel/lumen-framework/src/Routing/Pipeline.php(48): Laravel\\Lumen\\Application->Laravel\\Lumen\\Concerns\\{closure}()
#12 /opt/lampp/htdocs/narsysapi/app/Http/Middleware/CorsMiddleware.php(31): Laravel\\Lumen\\Routing\\Pipeline->Laravel\\Lumen\\Routing\\{closure}()
#13 /opt/lampp/htdocs/narsysapi/vendor/illuminate/pipeline/Pipeline.php(167): App\\Http\\Middleware\\CorsMiddleware->handle()
#14 /opt/lampp/htdocs/narsysapi/vendor/laravel/lumen-framework/src/Routing/Pipeline.php(30): Illuminate\\Pipeline\\Pipeline->Illuminate\\Pipeline\\{closure}()
#15 /opt/lampp/htdocs/narsysapi/vendor/illuminate/pipeline/Pipeline.php(103): Laravel\\Lumen\\Routing\\Pipeline->Laravel\\Lumen\\Routing\\{closure}()
#16 /opt/lampp/htdocs/narsysapi/vendor/laravel/lumen-framework/src/Concerns/RoutesRequests.php(423): Illuminate\\Pipeline\\Pipeline->then()
#17 /opt/lampp/htdocs/narsysapi/vendor/laravel/lumen-framework/src/Concerns/RoutesRequests.php(260): Laravel\\Lumen\\Application->sendThroughPipeline()
#18 /opt/lampp/htdocs/narsysapi/vendor/laravel/lumen-framework/src/Concerns/RoutesRequests.php(166): Laravel\\Lumen\\Application->handleFoundRoute()
#19 /opt/lampp/htdocs/narsysapi/vendor/laravel/lumen-framework/src/Concerns/RoutesRequests.php(426): Laravel\\Lumen\\Application->Laravel\\Lumen\\Concerns\\{closure}()
#20 /opt/lampp/htdocs/narsysapi/vendor/laravel/lumen-framework/src/Concerns/RoutesRequests.php(172): Laravel\\Lumen\\Application->sendThroughPipeline()
#21 /opt/lampp/htdocs/narsysapi/vendor/laravel/lumen-framework/src/Concerns/RoutesRequests.php(109): Laravel\\Lumen\\Application->dispatch()
#22 /opt/lampp/htdocs/narsysapi/public/index.php(28): Laravel\\Lumen\\Application->run()
#23 {main}
"} 
[2021-04-26 06:23:15] local.ERROR: SQLSTATE[42000]: Syntax error or access violation: 1064 You have an error in your SQL syntax; check the manual that corresponds to your MariaDB server version for the right syntax to use near 'khusus.keterangan,-,(khusus.batas - (SELECT COUNT(id) FROM usulans WHERE khus...' at line 1 (SQL: SELECT khusus.kode, CONCAT(umum.keterangan,-,khusus.keterangan,-,(khusus.batas - (SELECT COUNT(id) FROM usulans WHERE khusus.kode = bidangIlmu))) AS ket FROM variabels umum, variabels khusus  WHERE umum.kode = khusus.kode_induk ORDER BY umum.keterangan ASC) {"exception":"[object] (Illuminate\\Database\\QueryException(code: 42000): SQLSTATE[42000]: Syntax error or access violation: 1064 You have an error in your SQL syntax; check the manual that corresponds to your MariaDB server version for the right syntax to use near 'khusus.keterangan,-,(khusus.batas - (SELECT COUNT(id) FROM usulans WHERE khus...' at line 1 (SQL: SELECT khusus.kode, CONCAT(umum.keterangan,-,khusus.keterangan,-,(khusus.batas - (SELECT COUNT(id) FROM usulans WHERE khusus.kode = bidangIlmu))) AS ket FROM variabels umum, variabels khusus  WHERE umum.kode = khusus.kode_induk ORDER BY umum.keterangan ASC) at /opt/lampp/htdocs/narsysapi/vendor/illuminate/database/Connection.php:678)
[stacktrace]
#0 /opt/lampp/htdocs/narsysapi/vendor/illuminate/database/Connection.php(638): Illuminate\\Database\\Connection->runQueryCallback()
#1 /opt/lampp/htdocs/narsysapi/vendor/illuminate/database/Connection.php(346): Illuminate\\Database\\Connection->run()
#2 /opt/lampp/htdocs/narsysapi/vendor/illuminate/database/DatabaseManager.php(371): Illuminate\\Database\\Connection->select()
#3 /opt/lampp/htdocs/narsysapi/vendor/illuminate/support/Facades/Facade.php(261): Illuminate\\Database\\DatabaseManager->__call()
#4 /opt/lampp/htdocs/narsysapi/app/Http/Controllers/VariabelController.php(28): Illuminate\\Support\\Facades\\Facade::__callStatic()
#5 /opt/lampp/htdocs/narsysapi/vendor/illuminate/container/BoundMethod.php(36): App\\Http\\Controllers\\VariabelController->kuota()
#6 /opt/lampp/htdocs/narsysapi/vendor/illuminate/container/Util.php(40): Illuminate\\Container\\BoundMethod::Illuminate\\Container\\{closure}()
#7 /opt/lampp/htdocs/narsysapi/vendor/illuminate/container/BoundMethod.php(93): Illuminate\\Container\\Util::unwrapIfClosure()
#8 /opt/lampp/htdocs/narsysapi/vendor/illuminate/container/BoundMethod.php(37): Illuminate\\Container\\BoundMethod::callBoundMethod()
#9 /opt/lampp/htdocs/narsysapi/vendor/illuminate/container/Container.php(611): Illuminate\\Container\\BoundMethod::call()
#10 /opt/lampp/htdocs/narsysapi/vendor/laravel/lumen-framework/src/Concerns/RoutesRequests.php(386): Illuminate\\Container\\Container->call()
#11 /opt/lampp/htdocs/narsysapi/vendor/laravel/lumen-framework/src/Concerns/RoutesRequests.php(352): Laravel\\Lumen\\Application->callControllerCallable()
#12 /opt/lampp/htdocs/narsysapi/vendor/laravel/lumen-framework/src/Concerns/RoutesRequests.php(326): Laravel\\Lumen\\Application->callLumenController()
#13 /opt/lampp/htdocs/narsysapi/vendor/laravel/lumen-framework/src/Concerns/RoutesRequests.php(279): Laravel\\Lumen\\Application->callControllerAction()
#14 /opt/lampp/htdocs/narsysapi/vendor/laravel/lumen-framework/src/Concerns/RoutesRequests.php(259): Laravel\\Lumen\\Application->callActionOnArrayBasedRoute()
#15 /opt/lampp/htdocs/narsysapi/vendor/laravel/lumen-framework/src/Routing/Pipeline.php(48): Laravel\\Lumen\\Application->Laravel\\Lumen\\Concerns\\{closure}()
#16 /opt/lampp/htdocs/narsysapi/app/Http/Middleware/CorsMiddleware.php(31): Laravel\\Lumen\\Routing\\Pipeline->Laravel\\Lumen\\Routing\\{closure}()
#17 /opt/lampp/htdocs/narsysapi/vendor/illuminate/pipeline/Pipeline.php(167): App\\Http\\Middleware\\CorsMiddleware->handle()
#18 /opt/lampp/htdocs/narsysapi/vendor/laravel/lumen-framework/src/Routing/Pipeline.php(30): Illuminate\\Pipeline\\Pipeline->Illuminate\\Pipeline\\{closure}()
#19 /opt/lampp/htdocs/narsysapi/vendor/illuminate/pipeline/Pipeline.php(103): Laravel\\Lumen\\Routing\\Pipeline->Laravel\\Lumen\\Routing\\{closure}()
#20 /opt/lampp/htdocs/narsysapi/vendor/laravel/lumen-framework/src/Concerns/RoutesRequests.php(423): Illuminate\\Pipeline\\Pipeline->then()
#21 /opt/lampp/htdocs/narsysapi/vendor/laravel/lumen-framework/src/Concerns/RoutesRequests.php(260): Laravel\\Lumen\\Application->sendThroughPipeline()
#22 /opt/lampp/htdocs/narsysapi/vendor/laravel/lumen-framework/src/Concerns/RoutesRequests.php(166): Laravel\\Lumen\\Application->handleFoundRoute()
#23 /opt/lampp/htdocs/narsysapi/vendor/laravel/lumen-framework/src/Concerns/RoutesRequests.php(426): Laravel\\Lumen\\Application->Laravel\\Lumen\\Concerns\\{closure}()
#24 /opt/lampp/htdocs/narsysapi/vendor/laravel/lumen-framework/src/Concerns/RoutesRequests.php(172): Laravel\\Lumen\\Application->sendThroughPipeline()
#25 /opt/lampp/htdocs/narsysapi/vendor/laravel/lumen-framework/src/Concerns/RoutesRequests.php(109): Laravel\\Lumen\\Application->dispatch()
#26 /opt/lampp/htdocs/narsysapi/public/index.php(28): Laravel\\Lumen\\Application->run()
#27 {main}

[previous exception] [object] (PDOException(code: 42000): SQLSTATE[42000]: Syntax error or access violation: 1064 You have an error in your SQL syntax; check the manual that corresponds to your MariaDB server version for the right syntax to use near 'khusus.keterangan,-,(khusus.batas - (SELECT COUNT(id) FROM usulans WHERE khus...' at line 1 at /opt/lampp/htdocs/narsysapi/vendor/illuminate/database/Connection.php:338)
[stacktrace]
#0 /opt/lampp/htdocs/narsysapi/vendor/illuminate/database/Connection.php(338): PDO->prepare()
#1 /opt/lampp/htdocs/narsysapi/vendor/illuminate/database/Connection.php(671): Illuminate\\Database\\Connection->Illuminate\\Database\\{closure}()
#2 /opt/lampp/htdocs/narsysapi/vendor/illuminate/database/Connection.php(638): Illuminate\\Database\\Connection->runQueryCallback()
#3 /opt/lampp/htdocs/narsysapi/vendor/illuminate/database/Connection.php(346): Illuminate\\Database\\Connection->run()
#4 /opt/lampp/htdocs/narsysapi/vendor/illuminate/database/DatabaseManager.php(371): Illuminate\\Database\\Connection->select()
#5 /opt/lampp/htdocs/narsysapi/vendor/illuminate/support/Facades/Facade.php(261): Illuminate\\Database\\DatabaseManager->__call()
#6 /opt/lampp/htdocs/narsysapi/app/Http/Controllers/VariabelController.php(28): Illuminate\\Support\\Facades\\Facade::__callStatic()
#7 /opt/lampp/htdocs/narsysapi/vendor/illuminate/container/BoundMethod.php(36): App\\Http\\Controllers\\VariabelController->kuota()
#8 /opt/lampp/htdocs/narsysapi/vendor/illuminate/container/Util.php(40): Illuminate\\Container\\BoundMethod::Illuminate\\Container\\{closure}()
#9 /opt/lampp/htdocs/narsysapi/vendor/illuminate/container/BoundMethod.php(93): Illuminate\\Container\\Util::unwrapIfClosure()
#10 /opt/lampp/htdocs/narsysapi/vendor/illuminate/container/BoundMethod.php(37): Illuminate\\Container\\BoundMethod::callBoundMethod()
#11 /opt/lampp/htdocs/narsysapi/vendor/illuminate/container/Container.php(611): Illuminate\\Container\\BoundMethod::call()
#12 /opt/lampp/htdocs/narsysapi/vendor/laravel/lumen-framework/src/Concerns/RoutesRequests.php(386): Illuminate\\Container\\Container->call()
#13 /opt/lampp/htdocs/narsysapi/vendor/laravel/lumen-framework/src/Concerns/RoutesRequests.php(352): Laravel\\Lumen\\Application->callControllerCallable()
#14 /opt/lampp/htdocs/narsysapi/vendor/laravel/lumen-framework/src/Concerns/RoutesRequests.php(326): Laravel\\Lumen\\Application->callLumenController()
#15 /opt/lampp/htdocs/narsysapi/vendor/laravel/lumen-framework/src/Concerns/RoutesRequests.php(279): Laravel\\Lumen\\Application->callControllerAction()
#16 /opt/lampp/htdocs/narsysapi/vendor/laravel/lumen-framework/src/Concerns/RoutesRequests.php(259): Laravel\\Lumen\\Application->callActionOnArrayBasedRoute()
#17 /opt/lampp/htdocs/narsysapi/vendor/laravel/lumen-framework/src/Routing/Pipeline.php(48): Laravel\\Lumen\\Application->Laravel\\Lumen\\Concerns\\{closure}()
#18 /opt/lampp/htdocs/narsysapi/app/Http/Middleware/CorsMiddleware.php(31): Laravel\\Lumen\\Routing\\Pipeline->Laravel\\Lumen\\Routing\\{closure}()
#19 /opt/lampp/htdocs/narsysapi/vendor/illuminate/pipeline/Pipeline.php(167): App\\Http\\Middleware\\CorsMiddleware->handle()
#20 /opt/lampp/htdocs/narsysapi/vendor/laravel/lumen-framework/src/Routing/Pipeline.php(30): Illuminate\\Pipeline\\Pipeline->Illuminate\\Pipeline\\{closure}()
#21 /opt/lampp/htdocs/narsysapi/vendor/illuminate/pipeline/Pipeline.php(103): Laravel\\Lumen\\Routing\\Pipeline->Laravel\\Lumen\\Routing\\{closure}()
#22 /opt/lampp/htdocs/narsysapi/vendor/laravel/lumen-framework/src/Concerns/RoutesRequests.php(423): Illuminate\\Pipeline\\Pipeline->then()
#23 /opt/lampp/htdocs/narsysapi/vendor/laravel/lumen-framework/src/Concerns/RoutesRequests.php(260): Laravel\\Lumen\\Application->sendThroughPipeline()
#24 /opt/lampp/htdocs/narsysapi/vendor/laravel/lumen-framework/src/Concerns/RoutesRequests.php(166): Laravel\\Lumen\\Application->handleFoundRoute()
#25 /opt/lampp/htdocs/narsysapi/vendor/laravel/lumen-framework/src/Concerns/RoutesRequests.php(426): Laravel\\Lumen\\Application->Laravel\\Lumen\\Concerns\\{closure}()
#26 /opt/lampp/htdocs/narsysapi/vendor/laravel/lumen-framework/src/Concerns/RoutesRequests.php(172): Laravel\\Lumen\\Application->sendThroughPipeline()
#27 /opt/lampp/htdocs/narsysapi/vendor/laravel/lumen-framework/src/Concerns/RoutesRequests.php(109): Laravel\\Lumen\\Application->dispatch()
#28 /opt/lampp/htdocs/narsysapi/public/index.php(28): Laravel\\Lumen\\Application->run()
#29 {main}
"} 
[2021-04-26 06:23:36] local.ERROR: SQLSTATE[42000]: Syntax error or access violation: 1064 You have an error in your SQL syntax; check the manual that corresponds to your MariaDB server version for the right syntax to use near 'khusus.keterangan,-,(khusus.batas - (SELECT COUNT(id) FROM usulans WHERE khus...' at line 1 (SQL: SELECT khusus.kode, CONCAT(umum.keterangan,-,khusus.keterangan,-,(khusus.batas - (SELECT COUNT(id) FROM usulans WHERE khusus.kode = bidangIlmu))) AS ket FROM variabels umum, variabels khusus  WHERE umum.kode = khusus.kode_induk ORDER BY umum.keterangan ASC) {"exception":"[object] (Illuminate\\Database\\QueryException(code: 42000): SQLSTATE[42000]: Syntax error or access violation: 1064 You have an error in your SQL syntax; check the manual that corresponds to your MariaDB server version for the right syntax to use near 'khusus.keterangan,-,(khusus.batas - (SELECT COUNT(id) FROM usulans WHERE khus...' at line 1 (SQL: SELECT khusus.kode, CONCAT(umum.keterangan,-,khusus.keterangan,-,(khusus.batas - (SELECT COUNT(id) FROM usulans WHERE khusus.kode = bidangIlmu))) AS ket FROM variabels umum, variabels khusus  WHERE umum.kode = khusus.kode_induk ORDER BY umum.keterangan ASC) at /opt/lampp/htdocs/narsysapi/vendor/illuminate/database/Connection.php:678)
[stacktrace]
#0 /opt/lampp/htdocs/narsysapi/vendor/illuminate/database/Connection.php(638): Illuminate\\Database\\Connection->runQueryCallback()
#1 /opt/lampp/htdocs/narsysapi/vendor/illuminate/database/Connection.php(346): Illuminate\\Database\\Connection->run()
#2 /opt/lampp/htdocs/narsysapi/vendor/illuminate/database/DatabaseManager.php(371): Illuminate\\Database\\Connection->select()
#3 /opt/lampp/htdocs/narsysapi/vendor/illuminate/support/Facades/Facade.php(261): Illuminate\\Database\\DatabaseManager->__call()
#4 /opt/lampp/htdocs/narsysapi/app/Http/Controllers/VariabelController.php(28): Illuminate\\Support\\Facades\\Facade::__callStatic()
#5 /opt/lampp/htdocs/narsysapi/vendor/illuminate/container/BoundMethod.php(36): App\\Http\\Controllers\\VariabelController->kuota()
#6 /opt/lampp/htdocs/narsysapi/vendor/illuminate/container/Util.php(40): Illuminate\\Container\\BoundMethod::Illuminate\\Container\\{closure}()
#7 /opt/lampp/htdocs/narsysapi/vendor/illuminate/container/BoundMethod.php(93): Illuminate\\Container\\Util::unwrapIfClosure()
#8 /opt/lampp/htdocs/narsysapi/vendor/illuminate/container/BoundMethod.php(37): Illuminate\\Container\\BoundMethod::callBoundMethod()
#9 /opt/lampp/htdocs/narsysapi/vendor/illuminate/container/Container.php(611): Illuminate\\Container\\BoundMethod::call()
#10 /opt/lampp/htdocs/narsysapi/vendor/laravel/lumen-framework/src/Concerns/RoutesRequests.php(386): Illuminate\\Container\\Container->call()
#11 /opt/lampp/htdocs/narsysapi/vendor/laravel/lumen-framework/src/Concerns/RoutesRequests.php(352): Laravel\\Lumen\\Application->callControllerCallable()
#12 /opt/lampp/htdocs/narsysapi/vendor/laravel/lumen-framework/src/Concerns/RoutesRequests.php(326): Laravel\\Lumen\\Application->callLumenController()
#13 /opt/lampp/htdocs/narsysapi/vendor/laravel/lumen-framework/src/Concerns/RoutesRequests.php(279): Laravel\\Lumen\\Application->callControllerAction()
#14 /opt/lampp/htdocs/narsysapi/vendor/laravel/lumen-framework/src/Concerns/RoutesRequests.php(259): Laravel\\Lumen\\Application->callActionOnArrayBasedRoute()
#15 /opt/lampp/htdocs/narsysapi/vendor/laravel/lumen-framework/src/Routing/Pipeline.php(48): Laravel\\Lumen\\Application->Laravel\\Lumen\\Concerns\\{closure}()
#16 /opt/lampp/htdocs/narsysapi/app/Http/Middleware/CorsMiddleware.php(31): Laravel\\Lumen\\Routing\\Pipeline->Laravel\\Lumen\\Routing\\{closure}()
#17 /opt/lampp/htdocs/narsysapi/vendor/illuminate/pipeline/Pipeline.php(167): App\\Http\\Middleware\\CorsMiddleware->handle()
#18 /opt/lampp/htdocs/narsysapi/vendor/laravel/lumen-framework/src/Routing/Pipeline.php(30): Illuminate\\Pipeline\\Pipeline->Illuminate\\Pipeline\\{closure}()
#19 /opt/lampp/htdocs/narsysapi/vendor/illuminate/pipeline/Pipeline.php(103): Laravel\\Lumen\\Routing\\Pipeline->Laravel\\Lumen\\Routing\\{closure}()
#20 /opt/lampp/htdocs/narsysapi/vendor/laravel/lumen-framework/src/Concerns/RoutesRequests.php(423): Illuminate\\Pipeline\\Pipeline->then()
#21 /opt/lampp/htdocs/narsysapi/vendor/laravel/lumen-framework/src/Concerns/RoutesRequests.php(260): Laravel\\Lumen\\Application->sendThroughPipeline()
#22 /opt/lampp/htdocs/narsysapi/vendor/laravel/lumen-framework/src/Concerns/RoutesRequests.php(166): Laravel\\Lumen\\Application->handleFoundRoute()
#23 /opt/lampp/htdocs/narsysapi/vendor/laravel/lumen-framework/src/Concerns/RoutesRequests.php(426): Laravel\\Lumen\\Application->Laravel\\Lumen\\Concerns\\{closure}()
#24 /opt/lampp/htdocs/narsysapi/vendor/laravel/lumen-framework/src/Concerns/RoutesRequests.php(172): Laravel\\Lumen\\Application->sendThroughPipeline()
#25 /opt/lampp/htdocs/narsysapi/vendor/laravel/lumen-framework/src/Concerns/RoutesRequests.php(109): Laravel\\Lumen\\Application->dispatch()
#26 /opt/lampp/htdocs/narsysapi/public/index.php(28): Laravel\\Lumen\\Application->run()
#27 {main}

[previous exception] [object] (PDOException(code: 42000): SQLSTATE[42000]: Syntax error or access violation: 1064 You have an error in your SQL syntax; check the manual that corresponds to your MariaDB server version for the right syntax to use near 'khusus.keterangan,-,(khusus.batas - (SELECT COUNT(id) FROM usulans WHERE khus...' at line 1 at /opt/lampp/htdocs/narsysapi/vendor/illuminate/database/Connection.php:338)
[stacktrace]
#0 /opt/lampp/htdocs/narsysapi/vendor/illuminate/database/Connection.php(338): PDO->prepare()
#1 /opt/lampp/htdocs/narsysapi/vendor/illuminate/database/Connection.php(671): Illuminate\\Database\\Connection->Illuminate\\Database\\{closure}()
#2 /opt/lampp/htdocs/narsysapi/vendor/illuminate/database/Connection.php(638): Illuminate\\Database\\Connection->runQueryCallback()
#3 /opt/lampp/htdocs/narsysapi/vendor/illuminate/database/Connection.php(346): Illuminate\\Database\\Connection->run()
#4 /opt/lampp/htdocs/narsysapi/vendor/illuminate/database/DatabaseManager.php(371): Illuminate\\Database\\Connection->select()
#5 /opt/lampp/htdocs/narsysapi/vendor/illuminate/support/Facades/Facade.php(261): Illuminate\\Database\\DatabaseManager->__call()
#6 /opt/lampp/htdocs/narsysapi/app/Http/Controllers/VariabelController.php(28): Illuminate\\Support\\Facades\\Facade::__callStatic()
#7 /opt/lampp/htdocs/narsysapi/vendor/illuminate/container/BoundMethod.php(36): App\\Http\\Controllers\\VariabelController->kuota()
#8 /opt/lampp/htdocs/narsysapi/vendor/illuminate/container/Util.php(40): Illuminate\\Container\\BoundMethod::Illuminate\\Container\\{closure}()
#9 /opt/lampp/htdocs/narsysapi/vendor/illuminate/container/BoundMethod.php(93): Illuminate\\Container\\Util::unwrapIfClosure()
#10 /opt/lampp/htdocs/narsysapi/vendor/illuminate/container/BoundMethod.php(37): Illuminate\\Container\\BoundMethod::callBoundMethod()
#11 /opt/lampp/htdocs/narsysapi/vendor/illuminate/container/Container.php(611): Illuminate\\Container\\BoundMethod::call()
#12 /opt/lampp/htdocs/narsysapi/vendor/laravel/lumen-framework/src/Concerns/RoutesRequests.php(386): Illuminate\\Container\\Container->call()
#13 /opt/lampp/htdocs/narsysapi/vendor/laravel/lumen-framework/src/Concerns/RoutesRequests.php(352): Laravel\\Lumen\\Application->callControllerCallable()
#14 /opt/lampp/htdocs/narsysapi/vendor/laravel/lumen-framework/src/Concerns/RoutesRequests.php(326): Laravel\\Lumen\\Application->callLumenController()
#15 /opt/lampp/htdocs/narsysapi/vendor/laravel/lumen-framework/src/Concerns/RoutesRequests.php(279): Laravel\\Lumen\\Application->callControllerAction()
#16 /opt/lampp/htdocs/narsysapi/vendor/laravel/lumen-framework/src/Concerns/RoutesRequests.php(259): Laravel\\Lumen\\Application->callActionOnArrayBasedRoute()
#17 /opt/lampp/htdocs/narsysapi/vendor/laravel/lumen-framework/src/Routing/Pipeline.php(48): Laravel\\Lumen\\Application->Laravel\\Lumen\\Concerns\\{closure}()
#18 /opt/lampp/htdocs/narsysapi/app/Http/Middleware/CorsMiddleware.php(31): Laravel\\Lumen\\Routing\\Pipeline->Laravel\\Lumen\\Routing\\{closure}()
#19 /opt/lampp/htdocs/narsysapi/vendor/illuminate/pipeline/Pipeline.php(167): App\\Http\\Middleware\\CorsMiddleware->handle()
#20 /opt/lampp/htdocs/narsysapi/vendor/laravel/lumen-framework/src/Routing/Pipeline.php(30): Illuminate\\Pipeline\\Pipeline->Illuminate\\Pipeline\\{closure}()
#21 /opt/lampp/htdocs/narsysapi/vendor/illuminate/pipeline/Pipeline.php(103): Laravel\\Lumen\\Routing\\Pipeline->Laravel\\Lumen\\Routing\\{closure}()
#22 /opt/lampp/htdocs/narsysapi/vendor/laravel/lumen-framework/src/Concerns/RoutesRequests.php(423): Illuminate\\Pipeline\\Pipeline->then()
#23 /opt/lampp/htdocs/narsysapi/vendor/laravel/lumen-framework/src/Concerns/RoutesRequests.php(260): Laravel\\Lumen\\Application->sendThroughPipeline()
#24 /opt/lampp/htdocs/narsysapi/vendor/laravel/lumen-framework/src/Concerns/RoutesRequests.php(166): Laravel\\Lumen\\Application->handleFoundRoute()
#25 /opt/lampp/htdocs/narsysapi/vendor/laravel/lumen-framework/src/Concerns/RoutesRequests.php(426): Laravel\\Lumen\\Application->Laravel\\Lumen\\Concerns\\{closure}()
#26 /opt/lampp/htdocs/narsysapi/vendor/laravel/lumen-framework/src/Concerns/RoutesRequests.php(172): Laravel\\Lumen\\Application->sendThroughPipeline()
#27 /opt/lampp/htdocs/narsysapi/vendor/laravel/lumen-framework/src/Concerns/RoutesRequests.php(109): Laravel\\Lumen\\Application->dispatch()
#28 /opt/lampp/htdocs/narsysapi/public/index.php(28): Laravel\\Lumen\\Application->run()
#29 {main}
"} 
[2021-04-26 06:31:53] local.ERROR: SQLSTATE[42000]: Syntax error or access violation: 1064 You have an error in your SQL syntax; check the manual that corresponds to your MariaDB server version for the right syntax to use near '\r\n,khusus.keterangan,'-sisa kuota:',(khusus.batas - (SELECT COUNT(id) FROM ...' at line 1 (SQL: SELECT khusus.kode, CONCAT(umum.keterangan,\r\n,khusus.keterangan,'-sisa kuota:',(khusus.batas - (SELECT COUNT(id) FROM usulans WHERE khusus.kode = bidangIlmu))) AS ket FROM variabels umum, variabels khusus  WHERE umum.kode = khusus.kode_induk ORDER BY umum.keterangan ASC) {"exception":"[object] (Illuminate\\Database\\QueryException(code: 42000): SQLSTATE[42000]: Syntax error or access violation: 1064 You have an error in your SQL syntax; check the manual that corresponds to your MariaDB server version for the right syntax to use near '\\
,khusus.keterangan,'-sisa kuota:',(khusus.batas - (SELECT COUNT(id) FROM ...' at line 1 (SQL: SELECT khusus.kode, CONCAT(umum.keterangan,\\
,khusus.keterangan,'-sisa kuota:',(khusus.batas - (SELECT COUNT(id) FROM usulans WHERE khusus.kode = bidangIlmu))) AS ket FROM variabels umum, variabels khusus  WHERE umum.kode = khusus.kode_induk ORDER BY umum.keterangan ASC) at /opt/lampp/htdocs/narsysapi/vendor/illuminate/database/Connection.php:678)
[stacktrace]
#0 /opt/lampp/htdocs/narsysapi/vendor/illuminate/database/Connection.php(638): Illuminate\\Database\\Connection->runQueryCallback()
#1 /opt/lampp/htdocs/narsysapi/vendor/illuminate/database/Connection.php(346): Illuminate\\Database\\Connection->run()
#2 /opt/lampp/htdocs/narsysapi/vendor/illuminate/database/DatabaseManager.php(371): Illuminate\\Database\\Connection->select()
#3 /opt/lampp/htdocs/narsysapi/vendor/illuminate/support/Facades/Facade.php(261): Illuminate\\Database\\DatabaseManager->__call()
#4 /opt/lampp/htdocs/narsysapi/app/Http/Controllers/VariabelController.php(28): Illuminate\\Support\\Facades\\Facade::__callStatic()
#5 /opt/lampp/htdocs/narsysapi/vendor/illuminate/container/BoundMethod.php(36): App\\Http\\Controllers\\VariabelController->kuota()
#6 /opt/lampp/htdocs/narsysapi/vendor/illuminate/container/Util.php(40): Illuminate\\Container\\BoundMethod::Illuminate\\Container\\{closure}()
#7 /opt/lampp/htdocs/narsysapi/vendor/illuminate/container/BoundMethod.php(93): Illuminate\\Container\\Util::unwrapIfClosure()
#8 /opt/lampp/htdocs/narsysapi/vendor/illuminate/container/BoundMethod.php(37): Illuminate\\Container\\BoundMethod::callBoundMethod()
#9 /opt/lampp/htdocs/narsysapi/vendor/illuminate/container/Container.php(611): Illuminate\\Container\\BoundMethod::call()
#10 /opt/lampp/htdocs/narsysapi/vendor/laravel/lumen-framework/src/Concerns/RoutesRequests.php(386): Illuminate\\Container\\Container->call()
#11 /opt/lampp/htdocs/narsysapi/vendor/laravel/lumen-framework/src/Concerns/RoutesRequests.php(352): Laravel\\Lumen\\Application->callControllerCallable()
#12 /opt/lampp/htdocs/narsysapi/vendor/laravel/lumen-framework/src/Concerns/RoutesRequests.php(326): Laravel\\Lumen\\Application->callLumenController()
#13 /opt/lampp/htdocs/narsysapi/vendor/laravel/lumen-framework/src/Concerns/RoutesRequests.php(279): Laravel\\Lumen\\Application->callControllerAction()
#14 /opt/lampp/htdocs/narsysapi/vendor/laravel/lumen-framework/src/Concerns/RoutesRequests.php(259): Laravel\\Lumen\\Application->callActionOnArrayBasedRoute()
#15 /opt/lampp/htdocs/narsysapi/vendor/laravel/lumen-framework/src/Routing/Pipeline.php(48): Laravel\\Lumen\\Application->Laravel\\Lumen\\Concerns\\{closure}()
#16 /opt/lampp/htdocs/narsysapi/app/Http/Middleware/CorsMiddleware.php(31): Laravel\\Lumen\\Routing\\Pipeline->Laravel\\Lumen\\Routing\\{closure}()
#17 /opt/lampp/htdocs/narsysapi/vendor/illuminate/pipeline/Pipeline.php(167): App\\Http\\Middleware\\CorsMiddleware->handle()
#18 /opt/lampp/htdocs/narsysapi/vendor/laravel/lumen-framework/src/Routing/Pipeline.php(30): Illuminate\\Pipeline\\Pipeline->Illuminate\\Pipeline\\{closure}()
#19 /opt/lampp/htdocs/narsysapi/vendor/illuminate/pipeline/Pipeline.php(103): Laravel\\Lumen\\Routing\\Pipeline->Laravel\\Lumen\\Routing\\{closure}()
#20 /opt/lampp/htdocs/narsysapi/vendor/laravel/lumen-framework/src/Concerns/RoutesRequests.php(423): Illuminate\\Pipeline\\Pipeline->then()
#21 /opt/lampp/htdocs/narsysapi/vendor/laravel/lumen-framework/src/Concerns/RoutesRequests.php(260): Laravel\\Lumen\\Application->sendThroughPipeline()
#22 /opt/lampp/htdocs/narsysapi/vendor/laravel/lumen-framework/src/Concerns/RoutesRequests.php(166): Laravel\\Lumen\\Application->handleFoundRoute()
#23 /opt/lampp/htdocs/narsysapi/vendor/laravel/lumen-framework/src/Concerns/RoutesRequests.php(426): Laravel\\Lumen\\Application->Laravel\\Lumen\\Concerns\\{closure}()
#24 /opt/lampp/htdocs/narsysapi/vendor/laravel/lumen-framework/src/Concerns/RoutesRequests.php(172): Laravel\\Lumen\\Application->sendThroughPipeline()
#25 /opt/lampp/htdocs/narsysapi/vendor/laravel/lumen-framework/src/Concerns/RoutesRequests.php(109): Laravel\\Lumen\\Application->dispatch()
#26 /opt/lampp/htdocs/narsysapi/public/index.php(28): Laravel\\Lumen\\Application->run()
#27 {main}

[previous exception] [object] (PDOException(code: 42000): SQLSTATE[42000]: Syntax error or access violation: 1064 You have an error in your SQL syntax; check the manual that corresponds to your MariaDB server version for the right syntax to use near '\\
,khusus.keterangan,'-sisa kuota:',(khusus.batas - (SELECT COUNT(id) FROM ...' at line 1 at /opt/lampp/htdocs/narsysapi/vendor/illuminate/database/Connection.php:338)
[stacktrace]
#0 /opt/lampp/htdocs/narsysapi/vendor/illuminate/database/Connection.php(338): PDO->prepare()
#1 /opt/lampp/htdocs/narsysapi/vendor/illuminate/database/Connection.php(671): Illuminate\\Database\\Connection->Illuminate\\Database\\{closure}()
#2 /opt/lampp/htdocs/narsysapi/vendor/illuminate/database/Connection.php(638): Illuminate\\Database\\Connection->runQueryCallback()
#3 /opt/lampp/htdocs/narsysapi/vendor/illuminate/database/Connection.php(346): Illuminate\\Database\\Connection->run()
#4 /opt/lampp/htdocs/narsysapi/vendor/illuminate/database/DatabaseManager.php(371): Illuminate\\Database\\Connection->select()
#5 /opt/lampp/htdocs/narsysapi/vendor/illuminate/support/Facades/Facade.php(261): Illuminate\\Database\\DatabaseManager->__call()
#6 /opt/lampp/htdocs/narsysapi/app/Http/Controllers/VariabelController.php(28): Illuminate\\Support\\Facades\\Facade::__callStatic()
#7 /opt/lampp/htdocs/narsysapi/vendor/illuminate/container/BoundMethod.php(36): App\\Http\\Controllers\\VariabelController->kuota()
#8 /opt/lampp/htdocs/narsysapi/vendor/illuminate/container/Util.php(40): Illuminate\\Container\\BoundMethod::Illuminate\\Container\\{closure}()
#9 /opt/lampp/htdocs/narsysapi/vendor/illuminate/container/BoundMethod.php(93): Illuminate\\Container\\Util::unwrapIfClosure()
#10 /opt/lampp/htdocs/narsysapi/vendor/illuminate/container/BoundMethod.php(37): Illuminate\\Container\\BoundMethod::callBoundMethod()
#11 /opt/lampp/htdocs/narsysapi/vendor/illuminate/container/Container.php(611): Illuminate\\Container\\BoundMethod::call()
#12 /opt/lampp/htdocs/narsysapi/vendor/laravel/lumen-framework/src/Concerns/RoutesRequests.php(386): Illuminate\\Container\\Container->call()
#13 /opt/lampp/htdocs/narsysapi/vendor/laravel/lumen-framework/src/Concerns/RoutesRequests.php(352): Laravel\\Lumen\\Application->callControllerCallable()
#14 /opt/lampp/htdocs/narsysapi/vendor/laravel/lumen-framework/src/Concerns/RoutesRequests.php(326): Laravel\\Lumen\\Application->callLumenController()
#15 /opt/lampp/htdocs/narsysapi/vendor/laravel/lumen-framework/src/Concerns/RoutesRequests.php(279): Laravel\\Lumen\\Application->callControllerAction()
#16 /opt/lampp/htdocs/narsysapi/vendor/laravel/lumen-framework/src/Concerns/RoutesRequests.php(259): Laravel\\Lumen\\Application->callActionOnArrayBasedRoute()
#17 /opt/lampp/htdocs/narsysapi/vendor/laravel/lumen-framework/src/Routing/Pipeline.php(48): Laravel\\Lumen\\Application->Laravel\\Lumen\\Concerns\\{closure}()
#18 /opt/lampp/htdocs/narsysapi/app/Http/Middleware/CorsMiddleware.php(31): Laravel\\Lumen\\Routing\\Pipeline->Laravel\\Lumen\\Routing\\{closure}()
#19 /opt/lampp/htdocs/narsysapi/vendor/illuminate/pipeline/Pipeline.php(167): App\\Http\\Middleware\\CorsMiddleware->handle()
#20 /opt/lampp/htdocs/narsysapi/vendor/laravel/lumen-framework/src/Routing/Pipeline.php(30): Illuminate\\Pipeline\\Pipeline->Illuminate\\Pipeline\\{closure}()
#21 /opt/lampp/htdocs/narsysapi/vendor/illuminate/pipeline/Pipeline.php(103): Laravel\\Lumen\\Routing\\Pipeline->Laravel\\Lumen\\Routing\\{closure}()
#22 /opt/lampp/htdocs/narsysapi/vendor/laravel/lumen-framework/src/Concerns/RoutesRequests.php(423): Illuminate\\Pipeline\\Pipeline->then()
#23 /opt/lampp/htdocs/narsysapi/vendor/laravel/lumen-framework/src/Concerns/RoutesRequests.php(260): Laravel\\Lumen\\Application->sendThroughPipeline()
#24 /opt/lampp/htdocs/narsysapi/vendor/laravel/lumen-framework/src/Concerns/RoutesRequests.php(166): Laravel\\Lumen\\Application->handleFoundRoute()
#25 /opt/lampp/htdocs/narsysapi/vendor/laravel/lumen-framework/src/Concerns/RoutesRequests.php(426): Laravel\\Lumen\\Application->Laravel\\Lumen\\Concerns\\{closure}()
#26 /opt/lampp/htdocs/narsysapi/vendor/laravel/lumen-framework/src/Concerns/RoutesRequests.php(172): Laravel\\Lumen\\Application->sendThroughPipeline()
#27 /opt/lampp/htdocs/narsysapi/vendor/laravel/lumen-framework/src/Concerns/RoutesRequests.php(109): Laravel\\Lumen\\Application->dispatch()
#28 /opt/lampp/htdocs/narsysapi/public/index.php(28): Laravel\\Lumen\\Application->run()
#29 {main}
"} 
[2021-04-26 07:07:49] local.ERROR: Undefined variable: user {"exception":"[object] (ErrorException(code: 0): Undefined variable: user at /opt/lampp/htdocs/narsysapi/app/Http/Controllers/UsulanController.php:138)
[stacktrace]
#0 /opt/lampp/htdocs/narsysapi/app/Http/Controllers/UsulanController.php(138): Laravel\\Lumen\\Application->Laravel\\Lumen\\Concerns\\{closure}()
#1 /opt/lampp/htdocs/narsysapi/vendor/illuminate/container/BoundMethod.php(36): App\\Http\\Controllers\\UsulanController->update()
#2 /opt/lampp/htdocs/narsysapi/vendor/illuminate/container/Util.php(40): Illuminate\\Container\\BoundMethod::Illuminate\\Container\\{closure}()
#3 /opt/lampp/htdocs/narsysapi/vendor/illuminate/container/BoundMethod.php(93): Illuminate\\Container\\Util::unwrapIfClosure()
#4 /opt/lampp/htdocs/narsysapi/vendor/illuminate/container/BoundMethod.php(37): Illuminate\\Container\\BoundMethod::callBoundMethod()
#5 /opt/lampp/htdocs/narsysapi/vendor/illuminate/container/Container.php(611): Illuminate\\Container\\BoundMethod::call()
#6 /opt/lampp/htdocs/narsysapi/vendor/laravel/lumen-framework/src/Concerns/RoutesRequests.php(386): Illuminate\\Container\\Container->call()
#7 /opt/lampp/htdocs/narsysapi/vendor/laravel/lumen-framework/src/Concerns/RoutesRequests.php(352): Laravel\\Lumen\\Application->callControllerCallable()
#8 /opt/lampp/htdocs/narsysapi/vendor/laravel/lumen-framework/src/Concerns/RoutesRequests.php(326): Laravel\\Lumen\\Application->callLumenController()
#9 /opt/lampp/htdocs/narsysapi/vendor/laravel/lumen-framework/src/Concerns/RoutesRequests.php(279): Laravel\\Lumen\\Application->callControllerAction()
#10 /opt/lampp/htdocs/narsysapi/vendor/laravel/lumen-framework/src/Concerns/RoutesRequests.php(259): Laravel\\Lumen\\Application->callActionOnArrayBasedRoute()
#11 /opt/lampp/htdocs/narsysapi/vendor/laravel/lumen-framework/src/Routing/Pipeline.php(48): Laravel\\Lumen\\Application->Laravel\\Lumen\\Concerns\\{closure}()
#12 /opt/lampp/htdocs/narsysapi/app/Http/Middleware/CorsMiddleware.php(31): Laravel\\Lumen\\Routing\\Pipeline->Laravel\\Lumen\\Routing\\{closure}()
#13 /opt/lampp/htdocs/narsysapi/vendor/illuminate/pipeline/Pipeline.php(167): App\\Http\\Middleware\\CorsMiddleware->handle()
#14 /opt/lampp/htdocs/narsysapi/vendor/laravel/lumen-framework/src/Routing/Pipeline.php(30): Illuminate\\Pipeline\\Pipeline->Illuminate\\Pipeline\\{closure}()
#15 /opt/lampp/htdocs/narsysapi/vendor/illuminate/pipeline/Pipeline.php(103): Laravel\\Lumen\\Routing\\Pipeline->Laravel\\Lumen\\Routing\\{closure}()
#16 /opt/lampp/htdocs/narsysapi/vendor/laravel/lumen-framework/src/Concerns/RoutesRequests.php(423): Illuminate\\Pipeline\\Pipeline->then()
#17 /opt/lampp/htdocs/narsysapi/vendor/laravel/lumen-framework/src/Concerns/RoutesRequests.php(260): Laravel\\Lumen\\Application->sendThroughPipeline()
#18 /opt/lampp/htdocs/narsysapi/vendor/laravel/lumen-framework/src/Concerns/RoutesRequests.php(234): Laravel\\Lumen\\Application->handleFoundRoute()
#19 /opt/lampp/htdocs/narsysapi/vendor/laravel/lumen-framework/src/Concerns/RoutesRequests.php(170): Laravel\\Lumen\\Application->handleDispatcherResponse()
#20 /opt/lampp/htdocs/narsysapi/vendor/laravel/lumen-framework/src/Concerns/RoutesRequests.php(426): Laravel\\Lumen\\Application->Laravel\\Lumen\\Concerns\\{closure}()
#21 /opt/lampp/htdocs/narsysapi/vendor/laravel/lumen-framework/src/Concerns/RoutesRequests.php(172): Laravel\\Lumen\\Application->sendThroughPipeline()
#22 /opt/lampp/htdocs/narsysapi/vendor/laravel/lumen-framework/src/Concerns/RoutesRequests.php(109): Laravel\\Lumen\\Application->dispatch()
#23 /opt/lampp/htdocs/narsysapi/public/index.php(28): Laravel\\Lumen\\Application->run()
#24 {main}
"} 
[2021-04-26 07:14:09] local.ERROR: Undefined variable: user {"exception":"[object] (ErrorException(code: 0): Undefined variable: user at /opt/lampp/htdocs/narsysapi/app/Http/Controllers/UsulanController.php:138)
[stacktrace]
#0 /opt/lampp/htdocs/narsysapi/app/Http/Controllers/UsulanController.php(138): Laravel\\Lumen\\Application->Laravel\\Lumen\\Concerns\\{closure}()
#1 /opt/lampp/htdocs/narsysapi/vendor/illuminate/container/BoundMethod.php(36): App\\Http\\Controllers\\UsulanController->update()
#2 /opt/lampp/htdocs/narsysapi/vendor/illuminate/container/Util.php(40): Illuminate\\Container\\BoundMethod::Illuminate\\Container\\{closure}()
#3 /opt/lampp/htdocs/narsysapi/vendor/illuminate/container/BoundMethod.php(93): Illuminate\\Container\\Util::unwrapIfClosure()
#4 /opt/lampp/htdocs/narsysapi/vendor/illuminate/container/BoundMethod.php(37): Illuminate\\Container\\BoundMethod::callBoundMethod()
#5 /opt/lampp/htdocs/narsysapi/vendor/illuminate/container/Container.php(611): Illuminate\\Container\\BoundMethod::call()
#6 /opt/lampp/htdocs/narsysapi/vendor/laravel/lumen-framework/src/Concerns/RoutesRequests.php(386): Illuminate\\Container\\Container->call()
#7 /opt/lampp/htdocs/narsysapi/vendor/laravel/lumen-framework/src/Concerns/RoutesRequests.php(352): Laravel\\Lumen\\Application->callControllerCallable()
#8 /opt/lampp/htdocs/narsysapi/vendor/laravel/lumen-framework/src/Concerns/RoutesRequests.php(326): Laravel\\Lumen\\Application->callLumenController()
#9 /opt/lampp/htdocs/narsysapi/vendor/laravel/lumen-framework/src/Concerns/RoutesRequests.php(279): Laravel\\Lumen\\Application->callControllerAction()
#10 /opt/lampp/htdocs/narsysapi/vendor/laravel/lumen-framework/src/Concerns/RoutesRequests.php(259): Laravel\\Lumen\\Application->callActionOnArrayBasedRoute()
#11 /opt/lampp/htdocs/narsysapi/vendor/laravel/lumen-framework/src/Routing/Pipeline.php(48): Laravel\\Lumen\\Application->Laravel\\Lumen\\Concerns\\{closure}()
#12 /opt/lampp/htdocs/narsysapi/app/Http/Middleware/CorsMiddleware.php(31): Laravel\\Lumen\\Routing\\Pipeline->Laravel\\Lumen\\Routing\\{closure}()
#13 /opt/lampp/htdocs/narsysapi/vendor/illuminate/pipeline/Pipeline.php(167): App\\Http\\Middleware\\CorsMiddleware->handle()
#14 /opt/lampp/htdocs/narsysapi/vendor/laravel/lumen-framework/src/Routing/Pipeline.php(30): Illuminate\\Pipeline\\Pipeline->Illuminate\\Pipeline\\{closure}()
#15 /opt/lampp/htdocs/narsysapi/vendor/illuminate/pipeline/Pipeline.php(103): Laravel\\Lumen\\Routing\\Pipeline->Laravel\\Lumen\\Routing\\{closure}()
#16 /opt/lampp/htdocs/narsysapi/vendor/laravel/lumen-framework/src/Concerns/RoutesRequests.php(423): Illuminate\\Pipeline\\Pipeline->then()
#17 /opt/lampp/htdocs/narsysapi/vendor/laravel/lumen-framework/src/Concerns/RoutesRequests.php(260): Laravel\\Lumen\\Application->sendThroughPipeline()
#18 /opt/lampp/htdocs/narsysapi/vendor/laravel/lumen-framework/src/Concerns/RoutesRequests.php(234): Laravel\\Lumen\\Application->handleFoundRoute()
#19 /opt/lampp/htdocs/narsysapi/vendor/laravel/lumen-framework/src/Concerns/RoutesRequests.php(170): Laravel\\Lumen\\Application->handleDispatcherResponse()
#20 /opt/lampp/htdocs/narsysapi/vendor/laravel/lumen-framework/src/Concerns/RoutesRequests.php(426): Laravel\\Lumen\\Application->Laravel\\Lumen\\Concerns\\{closure}()
#21 /opt/lampp/htdocs/narsysapi/vendor/laravel/lumen-framework/src/Concerns/RoutesRequests.php(172): Laravel\\Lumen\\Application->sendThroughPipeline()
#22 /opt/lampp/htdocs/narsysapi/vendor/laravel/lumen-framework/src/Concerns/RoutesRequests.php(109): Laravel\\Lumen\\Application->dispatch()
#23 /opt/lampp/htdocs/narsysapi/public/index.php(28): Laravel\\Lumen\\Application->run()
#24 {main}
"} 
[2021-04-26 08:06:57] local.ERROR: Unable to resolve dependency [Parameter #0 [ <required> $id ]] in class App\Http\Controllers\VariabelController {"exception":"[object] (Illuminate\\Contracts\\Container\\BindingResolutionException(code: 0): Unable to resolve dependency [Parameter #0 [ <required> $id ]] in class App\\Http\\Controllers\\VariabelController at /opt/lampp/htdocs/narsysapi/vendor/illuminate/container/BoundMethod.php:180)
[stacktrace]
#0 /opt/lampp/htdocs/narsysapi/vendor/illuminate/container/BoundMethod.php(124): Illuminate\\Container\\BoundMethod::addDependencyForCallParameter()
#1 /opt/lampp/htdocs/narsysapi/vendor/illuminate/container/BoundMethod.php(36): Illuminate\\Container\\BoundMethod::getMethodDependencies()
#2 /opt/lampp/htdocs/narsysapi/vendor/illuminate/container/Util.php(40): Illuminate\\Container\\BoundMethod::Illuminate\\Container\\{closure}()
#3 /opt/lampp/htdocs/narsysapi/vendor/illuminate/container/BoundMethod.php(93): Illuminate\\Container\\Util::unwrapIfClosure()
#4 /opt/lampp/htdocs/narsysapi/vendor/illuminate/container/BoundMethod.php(37): Illuminate\\Container\\BoundMethod::callBoundMethod()
#5 /opt/lampp/htdocs/narsysapi/vendor/illuminate/container/Container.php(611): Illuminate\\Container\\BoundMethod::call()
#6 /opt/lampp/htdocs/narsysapi/vendor/laravel/lumen-framework/src/Concerns/RoutesRequests.php(386): Illuminate\\Container\\Container->call()
#7 /opt/lampp/htdocs/narsysapi/vendor/laravel/lumen-framework/src/Concerns/RoutesRequests.php(352): Laravel\\Lumen\\Application->callControllerCallable()
#8 /opt/lampp/htdocs/narsysapi/vendor/laravel/lumen-framework/src/Concerns/RoutesRequests.php(326): Laravel\\Lumen\\Application->callLumenController()
#9 /opt/lampp/htdocs/narsysapi/vendor/laravel/lumen-framework/src/Concerns/RoutesRequests.php(279): Laravel\\Lumen\\Application->callControllerAction()
#10 /opt/lampp/htdocs/narsysapi/vendor/laravel/lumen-framework/src/Concerns/RoutesRequests.php(259): Laravel\\Lumen\\Application->callActionOnArrayBasedRoute()
#11 /opt/lampp/htdocs/narsysapi/vendor/laravel/lumen-framework/src/Routing/Pipeline.php(48): Laravel\\Lumen\\Application->Laravel\\Lumen\\Concerns\\{closure}()
#12 /opt/lampp/htdocs/narsysapi/app/Http/Middleware/CorsMiddleware.php(31): Laravel\\Lumen\\Routing\\Pipeline->Laravel\\Lumen\\Routing\\{closure}()
#13 /opt/lampp/htdocs/narsysapi/vendor/illuminate/pipeline/Pipeline.php(167): App\\Http\\Middleware\\CorsMiddleware->handle()
#14 /opt/lampp/htdocs/narsysapi/vendor/laravel/lumen-framework/src/Routing/Pipeline.php(30): Illuminate\\Pipeline\\Pipeline->Illuminate\\Pipeline\\{closure}()
#15 /opt/lampp/htdocs/narsysapi/vendor/illuminate/pipeline/Pipeline.php(103): Laravel\\Lumen\\Routing\\Pipeline->Laravel\\Lumen\\Routing\\{closure}()
#16 /opt/lampp/htdocs/narsysapi/vendor/laravel/lumen-framework/src/Concerns/RoutesRequests.php(423): Illuminate\\Pipeline\\Pipeline->then()
#17 /opt/lampp/htdocs/narsysapi/vendor/laravel/lumen-framework/src/Concerns/RoutesRequests.php(260): Laravel\\Lumen\\Application->sendThroughPipeline()
#18 /opt/lampp/htdocs/narsysapi/vendor/laravel/lumen-framework/src/Concerns/RoutesRequests.php(234): Laravel\\Lumen\\Application->handleFoundRoute()
#19 /opt/lampp/htdocs/narsysapi/vendor/laravel/lumen-framework/src/Concerns/RoutesRequests.php(170): Laravel\\Lumen\\Application->handleDispatcherResponse()
#20 /opt/lampp/htdocs/narsysapi/vendor/laravel/lumen-framework/src/Concerns/RoutesRequests.php(426): Laravel\\Lumen\\Application->Laravel\\Lumen\\Concerns\\{closure}()
#21 /opt/lampp/htdocs/narsysapi/vendor/laravel/lumen-framework/src/Concerns/RoutesRequests.php(172): Laravel\\Lumen\\Application->sendThroughPipeline()
#22 /opt/lampp/htdocs/narsysapi/vendor/laravel/lumen-framework/src/Concerns/RoutesRequests.php(109): Laravel\\Lumen\\Application->dispatch()
#23 /opt/lampp/htdocs/narsysapi/public/index.php(28): Laravel\\Lumen\\Application->run()
#24 {main}
"} 
[2021-04-26 08:08:01] local.ERROR: Unable to resolve dependency [Parameter #0 [ <required> $id ]] in class App\Http\Controllers\VariabelController {"exception":"[object] (Illuminate\\Contracts\\Container\\BindingResolutionException(code: 0): Unable to resolve dependency [Parameter #0 [ <required> $id ]] in class App\\Http\\Controllers\\VariabelController at /opt/lampp/htdocs/narsysapi/vendor/illuminate/container/BoundMethod.php:180)
[stacktrace]
#0 /opt/lampp/htdocs/narsysapi/vendor/illuminate/container/BoundMethod.php(124): Illuminate\\Container\\BoundMethod::addDependencyForCallParameter()
#1 /opt/lampp/htdocs/narsysapi/vendor/illuminate/container/BoundMethod.php(36): Illuminate\\Container\\BoundMethod::getMethodDependencies()
#2 /opt/lampp/htdocs/narsysapi/vendor/illuminate/container/Util.php(40): Illuminate\\Container\\BoundMethod::Illuminate\\Container\\{closure}()
#3 /opt/lampp/htdocs/narsysapi/vendor/illuminate/container/BoundMethod.php(93): Illuminate\\Container\\Util::unwrapIfClosure()
#4 /opt/lampp/htdocs/narsysapi/vendor/illuminate/container/BoundMethod.php(37): Illuminate\\Container\\BoundMethod::callBoundMethod()
#5 /opt/lampp/htdocs/narsysapi/vendor/illuminate/container/Container.php(611): Illuminate\\Container\\BoundMethod::call()
#6 /opt/lampp/htdocs/narsysapi/vendor/laravel/lumen-framework/src/Concerns/RoutesRequests.php(386): Illuminate\\Container\\Container->call()
#7 /opt/lampp/htdocs/narsysapi/vendor/laravel/lumen-framework/src/Concerns/RoutesRequests.php(352): Laravel\\Lumen\\Application->callControllerCallable()
#8 /opt/lampp/htdocs/narsysapi/vendor/laravel/lumen-framework/src/Concerns/RoutesRequests.php(326): Laravel\\Lumen\\Application->callLumenController()
#9 /opt/lampp/htdocs/narsysapi/vendor/laravel/lumen-framework/src/Concerns/RoutesRequests.php(279): Laravel\\Lumen\\Application->callControllerAction()
#10 /opt/lampp/htdocs/narsysapi/vendor/laravel/lumen-framework/src/Concerns/RoutesRequests.php(259): Laravel\\Lumen\\Application->callActionOnArrayBasedRoute()
#11 /opt/lampp/htdocs/narsysapi/vendor/laravel/lumen-framework/src/Routing/Pipeline.php(48): Laravel\\Lumen\\Application->Laravel\\Lumen\\Concerns\\{closure}()
#12 /opt/lampp/htdocs/narsysapi/app/Http/Middleware/CorsMiddleware.php(31): Laravel\\Lumen\\Routing\\Pipeline->Laravel\\Lumen\\Routing\\{closure}()
#13 /opt/lampp/htdocs/narsysapi/vendor/illuminate/pipeline/Pipeline.php(167): App\\Http\\Middleware\\CorsMiddleware->handle()
#14 /opt/lampp/htdocs/narsysapi/vendor/laravel/lumen-framework/src/Routing/Pipeline.php(30): Illuminate\\Pipeline\\Pipeline->Illuminate\\Pipeline\\{closure}()
#15 /opt/lampp/htdocs/narsysapi/vendor/illuminate/pipeline/Pipeline.php(103): Laravel\\Lumen\\Routing\\Pipeline->Laravel\\Lumen\\Routing\\{closure}()
#16 /opt/lampp/htdocs/narsysapi/vendor/laravel/lumen-framework/src/Concerns/RoutesRequests.php(423): Illuminate\\Pipeline\\Pipeline->then()
#17 /opt/lampp/htdocs/narsysapi/vendor/laravel/lumen-framework/src/Concerns/RoutesRequests.php(260): Laravel\\Lumen\\Application->sendThroughPipeline()
#18 /opt/lampp/htdocs/narsysapi/vendor/laravel/lumen-framework/src/Concerns/RoutesRequests.php(234): Laravel\\Lumen\\Application->handleFoundRoute()
#19 /opt/lampp/htdocs/narsysapi/vendor/laravel/lumen-framework/src/Concerns/RoutesRequests.php(170): Laravel\\Lumen\\Application->handleDispatcherResponse()
#20 /opt/lampp/htdocs/narsysapi/vendor/laravel/lumen-framework/src/Concerns/RoutesRequests.php(426): Laravel\\Lumen\\Application->Laravel\\Lumen\\Concerns\\{closure}()
#21 /opt/lampp/htdocs/narsysapi/vendor/laravel/lumen-framework/src/Concerns/RoutesRequests.php(172): Laravel\\Lumen\\Application->sendThroughPipeline()
#22 /opt/lampp/htdocs/narsysapi/vendor/laravel/lumen-framework/src/Concerns/RoutesRequests.php(109): Laravel\\Lumen\\Application->dispatch()
#23 /opt/lampp/htdocs/narsysapi/public/index.php(28): Laravel\\Lumen\\Application->run()
#24 {main}
"} 
[2021-04-26 09:06:14] local.ERROR: Array to string conversion {"exception":"[object] (ErrorException(code: 0): Array to string conversion at /opt/lampp/htdocs/narsysapi/app/Http/Controllers/UsulanController.php:142)
[stacktrace]
#0 /opt/lampp/htdocs/narsysapi/app/Http/Controllers/UsulanController.php(142): Laravel\\Lumen\\Application->Laravel\\Lumen\\Concerns\\{closure}()
#1 /opt/lampp/htdocs/narsysapi/vendor/illuminate/container/BoundMethod.php(36): App\\Http\\Controllers\\UsulanController->update()
#2 /opt/lampp/htdocs/narsysapi/vendor/illuminate/container/Util.php(40): Illuminate\\Container\\BoundMethod::Illuminate\\Container\\{closure}()
#3 /opt/lampp/htdocs/narsysapi/vendor/illuminate/container/BoundMethod.php(93): Illuminate\\Container\\Util::unwrapIfClosure()
#4 /opt/lampp/htdocs/narsysapi/vendor/illuminate/container/BoundMethod.php(37): Illuminate\\Container\\BoundMethod::callBoundMethod()
#5 /opt/lampp/htdocs/narsysapi/vendor/illuminate/container/Container.php(611): Illuminate\\Container\\BoundMethod::call()
#6 /opt/lampp/htdocs/narsysapi/vendor/laravel/lumen-framework/src/Concerns/RoutesRequests.php(386): Illuminate\\Container\\Container->call()
#7 /opt/lampp/htdocs/narsysapi/vendor/laravel/lumen-framework/src/Concerns/RoutesRequests.php(352): Laravel\\Lumen\\Application->callControllerCallable()
#8 /opt/lampp/htdocs/narsysapi/vendor/laravel/lumen-framework/src/Concerns/RoutesRequests.php(326): Laravel\\Lumen\\Application->callLumenController()
#9 /opt/lampp/htdocs/narsysapi/vendor/laravel/lumen-framework/src/Concerns/RoutesRequests.php(279): Laravel\\Lumen\\Application->callControllerAction()
#10 /opt/lampp/htdocs/narsysapi/vendor/laravel/lumen-framework/src/Concerns/RoutesRequests.php(259): Laravel\\Lumen\\Application->callActionOnArrayBasedRoute()
#11 /opt/lampp/htdocs/narsysapi/vendor/laravel/lumen-framework/src/Routing/Pipeline.php(48): Laravel\\Lumen\\Application->Laravel\\Lumen\\Concerns\\{closure}()
#12 /opt/lampp/htdocs/narsysapi/app/Http/Middleware/CorsMiddleware.php(31): Laravel\\Lumen\\Routing\\Pipeline->Laravel\\Lumen\\Routing\\{closure}()
#13 /opt/lampp/htdocs/narsysapi/vendor/illuminate/pipeline/Pipeline.php(167): App\\Http\\Middleware\\CorsMiddleware->handle()
#14 /opt/lampp/htdocs/narsysapi/vendor/laravel/lumen-framework/src/Routing/Pipeline.php(30): Illuminate\\Pipeline\\Pipeline->Illuminate\\Pipeline\\{closure}()
#15 /opt/lampp/htdocs/narsysapi/vendor/illuminate/pipeline/Pipeline.php(103): Laravel\\Lumen\\Routing\\Pipeline->Laravel\\Lumen\\Routing\\{closure}()
#16 /opt/lampp/htdocs/narsysapi/vendor/laravel/lumen-framework/src/Concerns/RoutesRequests.php(423): Illuminate\\Pipeline\\Pipeline->then()
#17 /opt/lampp/htdocs/narsysapi/vendor/laravel/lumen-framework/src/Concerns/RoutesRequests.php(260): Laravel\\Lumen\\Application->sendThroughPipeline()
#18 /opt/lampp/htdocs/narsysapi/vendor/laravel/lumen-framework/src/Concerns/RoutesRequests.php(234): Laravel\\Lumen\\Application->handleFoundRoute()
#19 /opt/lampp/htdocs/narsysapi/vendor/laravel/lumen-framework/src/Concerns/RoutesRequests.php(170): Laravel\\Lumen\\Application->handleDispatcherResponse()
#20 /opt/lampp/htdocs/narsysapi/vendor/laravel/lumen-framework/src/Concerns/RoutesRequests.php(426): Laravel\\Lumen\\Application->Laravel\\Lumen\\Concerns\\{closure}()
#21 /opt/lampp/htdocs/narsysapi/vendor/laravel/lumen-framework/src/Concerns/RoutesRequests.php(172): Laravel\\Lumen\\Application->sendThroughPipeline()
#22 /opt/lampp/htdocs/narsysapi/vendor/laravel/lumen-framework/src/Concerns/RoutesRequests.php(109): Laravel\\Lumen\\Application->dispatch()
#23 /opt/lampp/htdocs/narsysapi/public/index.php(28): Laravel\\Lumen\\Application->run()
#24 {main}
"} 
[2021-04-26 09:27:03] local.ERROR: Trying to get property 'kuota' of non-object {"exception":"[object] (ErrorException(code: 0): Trying to get property 'kuota' of non-object at /opt/lampp/htdocs/narsysapi/app/Http/Controllers/UsulanController.php:143)
[stacktrace]
#0 /opt/lampp/htdocs/narsysapi/app/Http/Controllers/UsulanController.php(143): Laravel\\Lumen\\Application->Laravel\\Lumen\\Concerns\\{closure}()
#1 /opt/lampp/htdocs/narsysapi/vendor/illuminate/container/BoundMethod.php(36): App\\Http\\Controllers\\UsulanController->update()
#2 /opt/lampp/htdocs/narsysapi/vendor/illuminate/container/Util.php(40): Illuminate\\Container\\BoundMethod::Illuminate\\Container\\{closure}()
#3 /opt/lampp/htdocs/narsysapi/vendor/illuminate/container/BoundMethod.php(93): Illuminate\\Container\\Util::unwrapIfClosure()
#4 /opt/lampp/htdocs/narsysapi/vendor/illuminate/container/BoundMethod.php(37): Illuminate\\Container\\BoundMethod::callBoundMethod()
#5 /opt/lampp/htdocs/narsysapi/vendor/illuminate/container/Container.php(611): Illuminate\\Container\\BoundMethod::call()
#6 /opt/lampp/htdocs/narsysapi/vendor/laravel/lumen-framework/src/Concerns/RoutesRequests.php(386): Illuminate\\Container\\Container->call()
#7 /opt/lampp/htdocs/narsysapi/vendor/laravel/lumen-framework/src/Concerns/RoutesRequests.php(352): Laravel\\Lumen\\Application->callControllerCallable()
#8 /opt/lampp/htdocs/narsysapi/vendor/laravel/lumen-framework/src/Concerns/RoutesRequests.php(326): Laravel\\Lumen\\Application->callLumenController()
#9 /opt/lampp/htdocs/narsysapi/vendor/laravel/lumen-framework/src/Concerns/RoutesRequests.php(279): Laravel\\Lumen\\Application->callControllerAction()
#10 /opt/lampp/htdocs/narsysapi/vendor/laravel/lumen-framework/src/Concerns/RoutesRequests.php(259): Laravel\\Lumen\\Application->callActionOnArrayBasedRoute()
#11 /opt/lampp/htdocs/narsysapi/vendor/laravel/lumen-framework/src/Routing/Pipeline.php(48): Laravel\\Lumen\\Application->Laravel\\Lumen\\Concerns\\{closure}()
#12 /opt/lampp/htdocs/narsysapi/app/Http/Middleware/CorsMiddleware.php(31): Laravel\\Lumen\\Routing\\Pipeline->Laravel\\Lumen\\Routing\\{closure}()
#13 /opt/lampp/htdocs/narsysapi/vendor/illuminate/pipeline/Pipeline.php(167): App\\Http\\Middleware\\CorsMiddleware->handle()
#14 /opt/lampp/htdocs/narsysapi/vendor/laravel/lumen-framework/src/Routing/Pipeline.php(30): Illuminate\\Pipeline\\Pipeline->Illuminate\\Pipeline\\{closure}()
#15 /opt/lampp/htdocs/narsysapi/vendor/illuminate/pipeline/Pipeline.php(103): Laravel\\Lumen\\Routing\\Pipeline->Laravel\\Lumen\\Routing\\{closure}()
#16 /opt/lampp/htdocs/narsysapi/vendor/laravel/lumen-framework/src/Concerns/RoutesRequests.php(423): Illuminate\\Pipeline\\Pipeline->then()
#17 /opt/lampp/htdocs/narsysapi/vendor/laravel/lumen-framework/src/Concerns/RoutesRequests.php(260): Laravel\\Lumen\\Application->sendThroughPipeline()
#18 /opt/lampp/htdocs/narsysapi/vendor/laravel/lumen-framework/src/Concerns/RoutesRequests.php(234): Laravel\\Lumen\\Application->handleFoundRoute()
#19 /opt/lampp/htdocs/narsysapi/vendor/laravel/lumen-framework/src/Concerns/RoutesRequests.php(170): Laravel\\Lumen\\Application->handleDispatcherResponse()
#20 /opt/lampp/htdocs/narsysapi/vendor/laravel/lumen-framework/src/Concerns/RoutesRequests.php(426): Laravel\\Lumen\\Application->Laravel\\Lumen\\Concerns\\{closure}()
#21 /opt/lampp/htdocs/narsysapi/vendor/laravel/lumen-framework/src/Concerns/RoutesRequests.php(172): Laravel\\Lumen\\Application->sendThroughPipeline()
#22 /opt/lampp/htdocs/narsysapi/vendor/laravel/lumen-framework/src/Concerns/RoutesRequests.php(109): Laravel\\Lumen\\Application->dispatch()
#23 /opt/lampp/htdocs/narsysapi/public/index.php(28): Laravel\\Lumen\\Application->run()
#24 {main}
"} 
[2021-04-26 09:29:04] local.ERROR: Trying to get property 'kuota' of non-object {"exception":"[object] (ErrorException(code: 0): Trying to get property 'kuota' of non-object at /opt/lampp/htdocs/narsysapi/app/Http/Controllers/UsulanController.php:143)
[stacktrace]
#0 /opt/lampp/htdocs/narsysapi/app/Http/Controllers/UsulanController.php(143): Laravel\\Lumen\\Application->Laravel\\Lumen\\Concerns\\{closure}()
#1 /opt/lampp/htdocs/narsysapi/vendor/illuminate/container/BoundMethod.php(36): App\\Http\\Controllers\\UsulanController->update()
#2 /opt/lampp/htdocs/narsysapi/vendor/illuminate/container/Util.php(40): Illuminate\\Container\\BoundMethod::Illuminate\\Container\\{closure}()
#3 /opt/lampp/htdocs/narsysapi/vendor/illuminate/container/BoundMethod.php(93): Illuminate\\Container\\Util::unwrapIfClosure()
#4 /opt/lampp/htdocs/narsysapi/vendor/illuminate/container/BoundMethod.php(37): Illuminate\\Container\\BoundMethod::callBoundMethod()
#5 /opt/lampp/htdocs/narsysapi/vendor/illuminate/container/Container.php(611): Illuminate\\Container\\BoundMethod::call()
#6 /opt/lampp/htdocs/narsysapi/vendor/laravel/lumen-framework/src/Concerns/RoutesRequests.php(386): Illuminate\\Container\\Container->call()
#7 /opt/lampp/htdocs/narsysapi/vendor/laravel/lumen-framework/src/Concerns/RoutesRequests.php(352): Laravel\\Lumen\\Application->callControllerCallable()
#8 /opt/lampp/htdocs/narsysapi/vendor/laravel/lumen-framework/src/Concerns/RoutesRequests.php(326): Laravel\\Lumen\\Application->callLumenController()
#9 /opt/lampp/htdocs/narsysapi/vendor/laravel/lumen-framework/src/Concerns/RoutesRequests.php(279): Laravel\\Lumen\\Application->callControllerAction()
#10 /opt/lampp/htdocs/narsysapi/vendor/laravel/lumen-framework/src/Concerns/RoutesRequests.php(259): Laravel\\Lumen\\Application->callActionOnArrayBasedRoute()
#11 /opt/lampp/htdocs/narsysapi/vendor/laravel/lumen-framework/src/Routing/Pipeline.php(48): Laravel\\Lumen\\Application->Laravel\\Lumen\\Concerns\\{closure}()
#12 /opt/lampp/htdocs/narsysapi/app/Http/Middleware/CorsMiddleware.php(31): Laravel\\Lumen\\Routing\\Pipeline->Laravel\\Lumen\\Routing\\{closure}()
#13 /opt/lampp/htdocs/narsysapi/vendor/illuminate/pipeline/Pipeline.php(167): App\\Http\\Middleware\\CorsMiddleware->handle()
#14 /opt/lampp/htdocs/narsysapi/vendor/laravel/lumen-framework/src/Routing/Pipeline.php(30): Illuminate\\Pipeline\\Pipeline->Illuminate\\Pipeline\\{closure}()
#15 /opt/lampp/htdocs/narsysapi/vendor/illuminate/pipeline/Pipeline.php(103): Laravel\\Lumen\\Routing\\Pipeline->Laravel\\Lumen\\Routing\\{closure}()
#16 /opt/lampp/htdocs/narsysapi/vendor/laravel/lumen-framework/src/Concerns/RoutesRequests.php(423): Illuminate\\Pipeline\\Pipeline->then()
#17 /opt/lampp/htdocs/narsysapi/vendor/laravel/lumen-framework/src/Concerns/RoutesRequests.php(260): Laravel\\Lumen\\Application->sendThroughPipeline()
#18 /opt/lampp/htdocs/narsysapi/vendor/laravel/lumen-framework/src/Concerns/RoutesRequests.php(234): Laravel\\Lumen\\Application->handleFoundRoute()
#19 /opt/lampp/htdocs/narsysapi/vendor/laravel/lumen-framework/src/Concerns/RoutesRequests.php(170): Laravel\\Lumen\\Application->handleDispatcherResponse()
#20 /opt/lampp/htdocs/narsysapi/vendor/laravel/lumen-framework/src/Concerns/RoutesRequests.php(426): Laravel\\Lumen\\Application->Laravel\\Lumen\\Concerns\\{closure}()
#21 /opt/lampp/htdocs/narsysapi/vendor/laravel/lumen-framework/src/Concerns/RoutesRequests.php(172): Laravel\\Lumen\\Application->sendThroughPipeline()
#22 /opt/lampp/htdocs/narsysapi/vendor/laravel/lumen-framework/src/Concerns/RoutesRequests.php(109): Laravel\\Lumen\\Application->dispatch()
#23 /opt/lampp/htdocs/narsysapi/public/index.php(28): Laravel\\Lumen\\Application->run()
#24 {main}
"} 
[2021-04-26 09:29:39] local.ERROR: Trying to get property 'kuota' of non-object {"exception":"[object] (ErrorException(code: 0): Trying to get property 'kuota' of non-object at /opt/lampp/htdocs/narsysapi/app/Http/Controllers/UsulanController.php:143)
[stacktrace]
#0 /opt/lampp/htdocs/narsysapi/app/Http/Controllers/UsulanController.php(143): Laravel\\Lumen\\Application->Laravel\\Lumen\\Concerns\\{closure}()
#1 /opt/lampp/htdocs/narsysapi/vendor/illuminate/container/BoundMethod.php(36): App\\Http\\Controllers\\UsulanController->update()
#2 /opt/lampp/htdocs/narsysapi/vendor/illuminate/container/Util.php(40): Illuminate\\Container\\BoundMethod::Illuminate\\Container\\{closure}()
#3 /opt/lampp/htdocs/narsysapi/vendor/illuminate/container/BoundMethod.php(93): Illuminate\\Container\\Util::unwrapIfClosure()
#4 /opt/lampp/htdocs/narsysapi/vendor/illuminate/container/BoundMethod.php(37): Illuminate\\Container\\BoundMethod::callBoundMethod()
#5 /opt/lampp/htdocs/narsysapi/vendor/illuminate/container/Container.php(611): Illuminate\\Container\\BoundMethod::call()
#6 /opt/lampp/htdocs/narsysapi/vendor/laravel/lumen-framework/src/Concerns/RoutesRequests.php(386): Illuminate\\Container\\Container->call()
#7 /opt/lampp/htdocs/narsysapi/vendor/laravel/lumen-framework/src/Concerns/RoutesRequests.php(352): Laravel\\Lumen\\Application->callControllerCallable()
#8 /opt/lampp/htdocs/narsysapi/vendor/laravel/lumen-framework/src/Concerns/RoutesRequests.php(326): Laravel\\Lumen\\Application->callLumenController()
#9 /opt/lampp/htdocs/narsysapi/vendor/laravel/lumen-framework/src/Concerns/RoutesRequests.php(279): Laravel\\Lumen\\Application->callControllerAction()
#10 /opt/lampp/htdocs/narsysapi/vendor/laravel/lumen-framework/src/Concerns/RoutesRequests.php(259): Laravel\\Lumen\\Application->callActionOnArrayBasedRoute()
#11 /opt/lampp/htdocs/narsysapi/vendor/laravel/lumen-framework/src/Routing/Pipeline.php(48): Laravel\\Lumen\\Application->Laravel\\Lumen\\Concerns\\{closure}()
#12 /opt/lampp/htdocs/narsysapi/app/Http/Middleware/CorsMiddleware.php(31): Laravel\\Lumen\\Routing\\Pipeline->Laravel\\Lumen\\Routing\\{closure}()
#13 /opt/lampp/htdocs/narsysapi/vendor/illuminate/pipeline/Pipeline.php(167): App\\Http\\Middleware\\CorsMiddleware->handle()
#14 /opt/lampp/htdocs/narsysapi/vendor/laravel/lumen-framework/src/Routing/Pipeline.php(30): Illuminate\\Pipeline\\Pipeline->Illuminate\\Pipeline\\{closure}()
#15 /opt/lampp/htdocs/narsysapi/vendor/illuminate/pipeline/Pipeline.php(103): Laravel\\Lumen\\Routing\\Pipeline->Laravel\\Lumen\\Routing\\{closure}()
#16 /opt/lampp/htdocs/narsysapi/vendor/laravel/lumen-framework/src/Concerns/RoutesRequests.php(423): Illuminate\\Pipeline\\Pipeline->then()
#17 /opt/lampp/htdocs/narsysapi/vendor/laravel/lumen-framework/src/Concerns/RoutesRequests.php(260): Laravel\\Lumen\\Application->sendThroughPipeline()
#18 /opt/lampp/htdocs/narsysapi/vendor/laravel/lumen-framework/src/Concerns/RoutesRequests.php(234): Laravel\\Lumen\\Application->handleFoundRoute()
#19 /opt/lampp/htdocs/narsysapi/vendor/laravel/lumen-framework/src/Concerns/RoutesRequests.php(170): Laravel\\Lumen\\Application->handleDispatcherResponse()
#20 /opt/lampp/htdocs/narsysapi/vendor/laravel/lumen-framework/src/Concerns/RoutesRequests.php(426): Laravel\\Lumen\\Application->Laravel\\Lumen\\Concerns\\{closure}()
#21 /opt/lampp/htdocs/narsysapi/vendor/laravel/lumen-framework/src/Concerns/RoutesRequests.php(172): Laravel\\Lumen\\Application->sendThroughPipeline()
#22 /opt/lampp/htdocs/narsysapi/vendor/laravel/lumen-framework/src/Concerns/RoutesRequests.php(109): Laravel\\Lumen\\Application->dispatch()
#23 /opt/lampp/htdocs/narsysapi/public/index.php(28): Laravel\\Lumen\\Application->run()
#24 {main}
"} 
[2021-04-26 09:30:59] local.ERROR: Use of undefined constant kuota - assumed 'kuota' (this will throw an Error in a future version of PHP) {"exception":"[object] (ErrorException(code: 0): Use of undefined constant kuota - assumed 'kuota' (this will throw an Error in a future version of PHP) at /opt/lampp/htdocs/narsysapi/app/Http/Controllers/UsulanController.php:143)
[stacktrace]
#0 /opt/lampp/htdocs/narsysapi/app/Http/Controllers/UsulanController.php(143): Laravel\\Lumen\\Application->Laravel\\Lumen\\Concerns\\{closure}()
#1 /opt/lampp/htdocs/narsysapi/vendor/illuminate/container/BoundMethod.php(36): App\\Http\\Controllers\\UsulanController->update()
#2 /opt/lampp/htdocs/narsysapi/vendor/illuminate/container/Util.php(40): Illuminate\\Container\\BoundMethod::Illuminate\\Container\\{closure}()
#3 /opt/lampp/htdocs/narsysapi/vendor/illuminate/container/BoundMethod.php(93): Illuminate\\Container\\Util::unwrapIfClosure()
#4 /opt/lampp/htdocs/narsysapi/vendor/illuminate/container/BoundMethod.php(37): Illuminate\\Container\\BoundMethod::callBoundMethod()
#5 /opt/lampp/htdocs/narsysapi/vendor/illuminate/container/Container.php(611): Illuminate\\Container\\BoundMethod::call()
#6 /opt/lampp/htdocs/narsysapi/vendor/laravel/lumen-framework/src/Concerns/RoutesRequests.php(386): Illuminate\\Container\\Container->call()
#7 /opt/lampp/htdocs/narsysapi/vendor/laravel/lumen-framework/src/Concerns/RoutesRequests.php(352): Laravel\\Lumen\\Application->callControllerCallable()
#8 /opt/lampp/htdocs/narsysapi/vendor/laravel/lumen-framework/src/Concerns/RoutesRequests.php(326): Laravel\\Lumen\\Application->callLumenController()
#9 /opt/lampp/htdocs/narsysapi/vendor/laravel/lumen-framework/src/Concerns/RoutesRequests.php(279): Laravel\\Lumen\\Application->callControllerAction()
#10 /opt/lampp/htdocs/narsysapi/vendor/laravel/lumen-framework/src/Concerns/RoutesRequests.php(259): Laravel\\Lumen\\Application->callActionOnArrayBasedRoute()
#11 /opt/lampp/htdocs/narsysapi/vendor/laravel/lumen-framework/src/Routing/Pipeline.php(48): Laravel\\Lumen\\Application->Laravel\\Lumen\\Concerns\\{closure}()
#12 /opt/lampp/htdocs/narsysapi/app/Http/Middleware/CorsMiddleware.php(31): Laravel\\Lumen\\Routing\\Pipeline->Laravel\\Lumen\\Routing\\{closure}()
#13 /opt/lampp/htdocs/narsysapi/vendor/illuminate/pipeline/Pipeline.php(167): App\\Http\\Middleware\\CorsMiddleware->handle()
#14 /opt/lampp/htdocs/narsysapi/vendor/laravel/lumen-framework/src/Routing/Pipeline.php(30): Illuminate\\Pipeline\\Pipeline->Illuminate\\Pipeline\\{closure}()
#15 /opt/lampp/htdocs/narsysapi/vendor/illuminate/pipeline/Pipeline.php(103): Laravel\\Lumen\\Routing\\Pipeline->Laravel\\Lumen\\Routing\\{closure}()
#16 /opt/lampp/htdocs/narsysapi/vendor/laravel/lumen-framework/src/Concerns/RoutesRequests.php(423): Illuminate\\Pipeline\\Pipeline->then()
#17 /opt/lampp/htdocs/narsysapi/vendor/laravel/lumen-framework/src/Concerns/RoutesRequests.php(260): Laravel\\Lumen\\Application->sendThroughPipeline()
#18 /opt/lampp/htdocs/narsysapi/vendor/laravel/lumen-framework/src/Concerns/RoutesRequests.php(234): Laravel\\Lumen\\Application->handleFoundRoute()
#19 /opt/lampp/htdocs/narsysapi/vendor/laravel/lumen-framework/src/Concerns/RoutesRequests.php(170): Laravel\\Lumen\\Application->handleDispatcherResponse()
#20 /opt/lampp/htdocs/narsysapi/vendor/laravel/lumen-framework/src/Concerns/RoutesRequests.php(426): Laravel\\Lumen\\Application->Laravel\\Lumen\\Concerns\\{closure}()
#21 /opt/lampp/htdocs/narsysapi/vendor/laravel/lumen-framework/src/Concerns/RoutesRequests.php(172): Laravel\\Lumen\\Application->sendThroughPipeline()
#22 /opt/lampp/htdocs/narsysapi/vendor/laravel/lumen-framework/src/Concerns/RoutesRequests.php(109): Laravel\\Lumen\\Application->dispatch()
#23 /opt/lampp/htdocs/narsysapi/public/index.php(28): Laravel\\Lumen\\Application->run()
#24 {main}
"} 
[2021-04-26 09:31:41] local.ERROR: Trying to get property 'kuota' of non-object {"exception":"[object] (ErrorException(code: 0): Trying to get property 'kuota' of non-object at /opt/lampp/htdocs/narsysapi/app/Http/Controllers/UsulanController.php:148)
[stacktrace]
#0 /opt/lampp/htdocs/narsysapi/app/Http/Controllers/UsulanController.php(148): Laravel\\Lumen\\Application->Laravel\\Lumen\\Concerns\\{closure}()
#1 /opt/lampp/htdocs/narsysapi/vendor/illuminate/container/BoundMethod.php(36): App\\Http\\Controllers\\UsulanController->update()
#2 /opt/lampp/htdocs/narsysapi/vendor/illuminate/container/Util.php(40): Illuminate\\Container\\BoundMethod::Illuminate\\Container\\{closure}()
#3 /opt/lampp/htdocs/narsysapi/vendor/illuminate/container/BoundMethod.php(93): Illuminate\\Container\\Util::unwrapIfClosure()
#4 /opt/lampp/htdocs/narsysapi/vendor/illuminate/container/BoundMethod.php(37): Illuminate\\Container\\BoundMethod::callBoundMethod()
#5 /opt/lampp/htdocs/narsysapi/vendor/illuminate/container/Container.php(611): Illuminate\\Container\\BoundMethod::call()
#6 /opt/lampp/htdocs/narsysapi/vendor/laravel/lumen-framework/src/Concerns/RoutesRequests.php(386): Illuminate\\Container\\Container->call()
#7 /opt/lampp/htdocs/narsysapi/vendor/laravel/lumen-framework/src/Concerns/RoutesRequests.php(352): Laravel\\Lumen\\Application->callControllerCallable()
#8 /opt/lampp/htdocs/narsysapi/vendor/laravel/lumen-framework/src/Concerns/RoutesRequests.php(326): Laravel\\Lumen\\Application->callLumenController()
#9 /opt/lampp/htdocs/narsysapi/vendor/laravel/lumen-framework/src/Concerns/RoutesRequests.php(279): Laravel\\Lumen\\Application->callControllerAction()
#10 /opt/lampp/htdocs/narsysapi/vendor/laravel/lumen-framework/src/Concerns/RoutesRequests.php(259): Laravel\\Lumen\\Application->callActionOnArrayBasedRoute()
#11 /opt/lampp/htdocs/narsysapi/vendor/laravel/lumen-framework/src/Routing/Pipeline.php(48): Laravel\\Lumen\\Application->Laravel\\Lumen\\Concerns\\{closure}()
#12 /opt/lampp/htdocs/narsysapi/app/Http/Middleware/CorsMiddleware.php(31): Laravel\\Lumen\\Routing\\Pipeline->Laravel\\Lumen\\Routing\\{closure}()
#13 /opt/lampp/htdocs/narsysapi/vendor/illuminate/pipeline/Pipeline.php(167): App\\Http\\Middleware\\CorsMiddleware->handle()
#14 /opt/lampp/htdocs/narsysapi/vendor/laravel/lumen-framework/src/Routing/Pipeline.php(30): Illuminate\\Pipeline\\Pipeline->Illuminate\\Pipeline\\{closure}()
#15 /opt/lampp/htdocs/narsysapi/vendor/illuminate/pipeline/Pipeline.php(103): Laravel\\Lumen\\Routing\\Pipeline->Laravel\\Lumen\\Routing\\{closure}()
#16 /opt/lampp/htdocs/narsysapi/vendor/laravel/lumen-framework/src/Concerns/RoutesRequests.php(423): Illuminate\\Pipeline\\Pipeline->then()
#17 /opt/lampp/htdocs/narsysapi/vendor/laravel/lumen-framework/src/Concerns/RoutesRequests.php(260): Laravel\\Lumen\\Application->sendThroughPipeline()
#18 /opt/lampp/htdocs/narsysapi/vendor/laravel/lumen-framework/src/Concerns/RoutesRequests.php(234): Laravel\\Lumen\\Application->handleFoundRoute()
#19 /opt/lampp/htdocs/narsysapi/vendor/laravel/lumen-framework/src/Concerns/RoutesRequests.php(170): Laravel\\Lumen\\Application->handleDispatcherResponse()
#20 /opt/lampp/htdocs/narsysapi/vendor/laravel/lumen-framework/src/Concerns/RoutesRequests.php(426): Laravel\\Lumen\\Application->Laravel\\Lumen\\Concerns\\{closure}()
#21 /opt/lampp/htdocs/narsysapi/vendor/laravel/lumen-framework/src/Concerns/RoutesRequests.php(172): Laravel\\Lumen\\Application->sendThroughPipeline()
#22 /opt/lampp/htdocs/narsysapi/vendor/laravel/lumen-framework/src/Concerns/RoutesRequests.php(109): Laravel\\Lumen\\Application->dispatch()
#23 /opt/lampp/htdocs/narsysapi/public/index.php(28): Laravel\\Lumen\\Application->run()
#24 {main}
"} 
[2021-04-26 09:33:33] local.ERROR: Trying to get property 'kuota' of non-object {"exception":"[object] (ErrorException(code: 0): Trying to get property 'kuota' of non-object at /opt/lampp/htdocs/narsysapi/app/Http/Controllers/UsulanController.php:148)
[stacktrace]
#0 /opt/lampp/htdocs/narsysapi/app/Http/Controllers/UsulanController.php(148): Laravel\\Lumen\\Application->Laravel\\Lumen\\Concerns\\{closure}()
#1 /opt/lampp/htdocs/narsysapi/vendor/illuminate/container/BoundMethod.php(36): App\\Http\\Controllers\\UsulanController->update()
#2 /opt/lampp/htdocs/narsysapi/vendor/illuminate/container/Util.php(40): Illuminate\\Container\\BoundMethod::Illuminate\\Container\\{closure}()
#3 /opt/lampp/htdocs/narsysapi/vendor/illuminate/container/BoundMethod.php(93): Illuminate\\Container\\Util::unwrapIfClosure()
#4 /opt/lampp/htdocs/narsysapi/vendor/illuminate/container/BoundMethod.php(37): Illuminate\\Container\\BoundMethod::callBoundMethod()
#5 /opt/lampp/htdocs/narsysapi/vendor/illuminate/container/Container.php(611): Illuminate\\Container\\BoundMethod::call()
#6 /opt/lampp/htdocs/narsysapi/vendor/laravel/lumen-framework/src/Concerns/RoutesRequests.php(386): Illuminate\\Container\\Container->call()
#7 /opt/lampp/htdocs/narsysapi/vendor/laravel/lumen-framework/src/Concerns/RoutesRequests.php(352): Laravel\\Lumen\\Application->callControllerCallable()
#8 /opt/lampp/htdocs/narsysapi/vendor/laravel/lumen-framework/src/Concerns/RoutesRequests.php(326): Laravel\\Lumen\\Application->callLumenController()
#9 /opt/lampp/htdocs/narsysapi/vendor/laravel/lumen-framework/src/Concerns/RoutesRequests.php(279): Laravel\\Lumen\\Application->callControllerAction()
#10 /opt/lampp/htdocs/narsysapi/vendor/laravel/lumen-framework/src/Concerns/RoutesRequests.php(259): Laravel\\Lumen\\Application->callActionOnArrayBasedRoute()
#11 /opt/lampp/htdocs/narsysapi/vendor/laravel/lumen-framework/src/Routing/Pipeline.php(48): Laravel\\Lumen\\Application->Laravel\\Lumen\\Concerns\\{closure}()
#12 /opt/lampp/htdocs/narsysapi/app/Http/Middleware/CorsMiddleware.php(31): Laravel\\Lumen\\Routing\\Pipeline->Laravel\\Lumen\\Routing\\{closure}()
#13 /opt/lampp/htdocs/narsysapi/vendor/illuminate/pipeline/Pipeline.php(167): App\\Http\\Middleware\\CorsMiddleware->handle()
#14 /opt/lampp/htdocs/narsysapi/vendor/laravel/lumen-framework/src/Routing/Pipeline.php(30): Illuminate\\Pipeline\\Pipeline->Illuminate\\Pipeline\\{closure}()
#15 /opt/lampp/htdocs/narsysapi/vendor/illuminate/pipeline/Pipeline.php(103): Laravel\\Lumen\\Routing\\Pipeline->Laravel\\Lumen\\Routing\\{closure}()
#16 /opt/lampp/htdocs/narsysapi/vendor/laravel/lumen-framework/src/Concerns/RoutesRequests.php(423): Illuminate\\Pipeline\\Pipeline->then()
#17 /opt/lampp/htdocs/narsysapi/vendor/laravel/lumen-framework/src/Concerns/RoutesRequests.php(260): Laravel\\Lumen\\Application->sendThroughPipeline()
#18 /opt/lampp/htdocs/narsysapi/vendor/laravel/lumen-framework/src/Concerns/RoutesRequests.php(234): Laravel\\Lumen\\Application->handleFoundRoute()
#19 /opt/lampp/htdocs/narsysapi/vendor/laravel/lumen-framework/src/Concerns/RoutesRequests.php(170): Laravel\\Lumen\\Application->handleDispatcherResponse()
#20 /opt/lampp/htdocs/narsysapi/vendor/laravel/lumen-framework/src/Concerns/RoutesRequests.php(426): Laravel\\Lumen\\Application->Laravel\\Lumen\\Concerns\\{closure}()
#21 /opt/lampp/htdocs/narsysapi/vendor/laravel/lumen-framework/src/Concerns/RoutesRequests.php(172): Laravel\\Lumen\\Application->sendThroughPipeline()
#22 /opt/lampp/htdocs/narsysapi/vendor/laravel/lumen-framework/src/Concerns/RoutesRequests.php(109): Laravel\\Lumen\\Application->dispatch()
#23 /opt/lampp/htdocs/narsysapi/public/index.php(28): Laravel\\Lumen\\Application->run()
#24 {main}
"} 
[2021-04-26 09:43:51] local.ERROR: Trying to get property 'kuota' of non-object {"exception":"[object] (ErrorException(code: 0): Trying to get property 'kuota' of non-object at /opt/lampp/htdocs/narsysapi/app/Http/Controllers/UsulanController.php:143)
[stacktrace]
#0 /opt/lampp/htdocs/narsysapi/app/Http/Controllers/UsulanController.php(143): Laravel\\Lumen\\Application->Laravel\\Lumen\\Concerns\\{closure}()
#1 /opt/lampp/htdocs/narsysapi/vendor/illuminate/container/BoundMethod.php(36): App\\Http\\Controllers\\UsulanController->update()
#2 /opt/lampp/htdocs/narsysapi/vendor/illuminate/container/Util.php(40): Illuminate\\Container\\BoundMethod::Illuminate\\Container\\{closure}()
#3 /opt/lampp/htdocs/narsysapi/vendor/illuminate/container/BoundMethod.php(93): Illuminate\\Container\\Util::unwrapIfClosure()
#4 /opt/lampp/htdocs/narsysapi/vendor/illuminate/container/BoundMethod.php(37): Illuminate\\Container\\BoundMethod::callBoundMethod()
#5 /opt/lampp/htdocs/narsysapi/vendor/illuminate/container/Container.php(611): Illuminate\\Container\\BoundMethod::call()
#6 /opt/lampp/htdocs/narsysapi/vendor/laravel/lumen-framework/src/Concerns/RoutesRequests.php(386): Illuminate\\Container\\Container->call()
#7 /opt/lampp/htdocs/narsysapi/vendor/laravel/lumen-framework/src/Concerns/RoutesRequests.php(352): Laravel\\Lumen\\Application->callControllerCallable()
#8 /opt/lampp/htdocs/narsysapi/vendor/laravel/lumen-framework/src/Concerns/RoutesRequests.php(326): Laravel\\Lumen\\Application->callLumenController()
#9 /opt/lampp/htdocs/narsysapi/vendor/laravel/lumen-framework/src/Concerns/RoutesRequests.php(279): Laravel\\Lumen\\Application->callControllerAction()
#10 /opt/lampp/htdocs/narsysapi/vendor/laravel/lumen-framework/src/Concerns/RoutesRequests.php(259): Laravel\\Lumen\\Application->callActionOnArrayBasedRoute()
#11 /opt/lampp/htdocs/narsysapi/vendor/laravel/lumen-framework/src/Routing/Pipeline.php(48): Laravel\\Lumen\\Application->Laravel\\Lumen\\Concerns\\{closure}()
#12 /opt/lampp/htdocs/narsysapi/app/Http/Middleware/CorsMiddleware.php(31): Laravel\\Lumen\\Routing\\Pipeline->Laravel\\Lumen\\Routing\\{closure}()
#13 /opt/lampp/htdocs/narsysapi/vendor/illuminate/pipeline/Pipeline.php(167): App\\Http\\Middleware\\CorsMiddleware->handle()
#14 /opt/lampp/htdocs/narsysapi/vendor/laravel/lumen-framework/src/Routing/Pipeline.php(30): Illuminate\\Pipeline\\Pipeline->Illuminate\\Pipeline\\{closure}()
#15 /opt/lampp/htdocs/narsysapi/vendor/illuminate/pipeline/Pipeline.php(103): Laravel\\Lumen\\Routing\\Pipeline->Laravel\\Lumen\\Routing\\{closure}()
#16 /opt/lampp/htdocs/narsysapi/vendor/laravel/lumen-framework/src/Concerns/RoutesRequests.php(423): Illuminate\\Pipeline\\Pipeline->then()
#17 /opt/lampp/htdocs/narsysapi/vendor/laravel/lumen-framework/src/Concerns/RoutesRequests.php(260): Laravel\\Lumen\\Application->sendThroughPipeline()
#18 /opt/lampp/htdocs/narsysapi/vendor/laravel/lumen-framework/src/Concerns/RoutesRequests.php(234): Laravel\\Lumen\\Application->handleFoundRoute()
#19 /opt/lampp/htdocs/narsysapi/vendor/laravel/lumen-framework/src/Concerns/RoutesRequests.php(170): Laravel\\Lumen\\Application->handleDispatcherResponse()
#20 /opt/lampp/htdocs/narsysapi/vendor/laravel/lumen-framework/src/Concerns/RoutesRequests.php(426): Laravel\\Lumen\\Application->Laravel\\Lumen\\Concerns\\{closure}()
#21 /opt/lampp/htdocs/narsysapi/vendor/laravel/lumen-framework/src/Concerns/RoutesRequests.php(172): Laravel\\Lumen\\Application->sendThroughPipeline()
#22 /opt/lampp/htdocs/narsysapi/vendor/laravel/lumen-framework/src/Concerns/RoutesRequests.php(109): Laravel\\Lumen\\Application->dispatch()
#23 /opt/lampp/htdocs/narsysapi/public/index.php(28): Laravel\\Lumen\\Application->run()
#24 {main}
"} 
[2021-04-26 22:44:39] local.ERROR: A non-numeric value encountered {"exception":"[object] (ErrorException(code: 0): A non-numeric value encountered at /opt/lampp/htdocs/narsysapi/app/Http/Controllers/RekapController.php:41)
[stacktrace]
#0 /opt/lampp/htdocs/narsysapi/app/Http/Controllers/RekapController.php(41): Laravel\\Lumen\\Application->Laravel\\Lumen\\Concerns\\{closure}()
#1 /opt/lampp/htdocs/narsysapi/vendor/illuminate/container/BoundMethod.php(36): App\\Http\\Controllers\\RekapController->show()
#2 /opt/lampp/htdocs/narsysapi/vendor/illuminate/container/Util.php(40): Illuminate\\Container\\BoundMethod::Illuminate\\Container\\{closure}()
#3 /opt/lampp/htdocs/narsysapi/vendor/illuminate/container/BoundMethod.php(93): Illuminate\\Container\\Util::unwrapIfClosure()
#4 /opt/lampp/htdocs/narsysapi/vendor/illuminate/container/BoundMethod.php(37): Illuminate\\Container\\BoundMethod::callBoundMethod()
#5 /opt/lampp/htdocs/narsysapi/vendor/illuminate/container/Container.php(611): Illuminate\\Container\\BoundMethod::call()
#6 /opt/lampp/htdocs/narsysapi/vendor/laravel/lumen-framework/src/Concerns/RoutesRequests.php(386): Illuminate\\Container\\Container->call()
#7 /opt/lampp/htdocs/narsysapi/vendor/laravel/lumen-framework/src/Concerns/RoutesRequests.php(352): Laravel\\Lumen\\Application->callControllerCallable()
#8 /opt/lampp/htdocs/narsysapi/vendor/laravel/lumen-framework/src/Concerns/RoutesRequests.php(326): Laravel\\Lumen\\Application->callLumenController()
#9 /opt/lampp/htdocs/narsysapi/vendor/laravel/lumen-framework/src/Concerns/RoutesRequests.php(279): Laravel\\Lumen\\Application->callControllerAction()
#10 /opt/lampp/htdocs/narsysapi/vendor/laravel/lumen-framework/src/Concerns/RoutesRequests.php(259): Laravel\\Lumen\\Application->callActionOnArrayBasedRoute()
#11 /opt/lampp/htdocs/narsysapi/vendor/laravel/lumen-framework/src/Routing/Pipeline.php(48): Laravel\\Lumen\\Application->Laravel\\Lumen\\Concerns\\{closure}()
#12 /opt/lampp/htdocs/narsysapi/app/Http/Middleware/CorsMiddleware.php(31): Laravel\\Lumen\\Routing\\Pipeline->Laravel\\Lumen\\Routing\\{closure}()
#13 /opt/lampp/htdocs/narsysapi/vendor/illuminate/pipeline/Pipeline.php(167): App\\Http\\Middleware\\CorsMiddleware->handle()
#14 /opt/lampp/htdocs/narsysapi/vendor/laravel/lumen-framework/src/Routing/Pipeline.php(30): Illuminate\\Pipeline\\Pipeline->Illuminate\\Pipeline\\{closure}()
#15 /opt/lampp/htdocs/narsysapi/vendor/illuminate/pipeline/Pipeline.php(103): Laravel\\Lumen\\Routing\\Pipeline->Laravel\\Lumen\\Routing\\{closure}()
#16 /opt/lampp/htdocs/narsysapi/vendor/laravel/lumen-framework/src/Concerns/RoutesRequests.php(423): Illuminate\\Pipeline\\Pipeline->then()
#17 /opt/lampp/htdocs/narsysapi/vendor/laravel/lumen-framework/src/Concerns/RoutesRequests.php(260): Laravel\\Lumen\\Application->sendThroughPipeline()
#18 /opt/lampp/htdocs/narsysapi/vendor/laravel/lumen-framework/src/Concerns/RoutesRequests.php(234): Laravel\\Lumen\\Application->handleFoundRoute()
#19 /opt/lampp/htdocs/narsysapi/vendor/laravel/lumen-framework/src/Concerns/RoutesRequests.php(170): Laravel\\Lumen\\Application->handleDispatcherResponse()
#20 /opt/lampp/htdocs/narsysapi/vendor/laravel/lumen-framework/src/Concerns/RoutesRequests.php(426): Laravel\\Lumen\\Application->Laravel\\Lumen\\Concerns\\{closure}()
#21 /opt/lampp/htdocs/narsysapi/vendor/laravel/lumen-framework/src/Concerns/RoutesRequests.php(172): Laravel\\Lumen\\Application->sendThroughPipeline()
#22 /opt/lampp/htdocs/narsysapi/vendor/laravel/lumen-framework/src/Concerns/RoutesRequests.php(109): Laravel\\Lumen\\Application->dispatch()
#23 /opt/lampp/htdocs/narsysapi/public/index.php(28): Laravel\\Lumen\\Application->run()
#24 {main}
"} 
[2021-04-26 22:58:11] local.ERROR: syntax error, unexpected '(' {"exception":"[object] (ParseError(code: 0): syntax error, unexpected '(' at /opt/lampp/htdocs/narsysapi/app/Http/Controllers/RekapController.php:44)
[stacktrace]
#0 /opt/lampp/htdocs/narsysapi/vendor/composer/ClassLoader.php(322): Composer\\Autoload\\includeFile()
#1 [internal function]: Composer\\Autoload\\ClassLoader->loadClass()
#2 [internal function]: spl_autoload_call()
#3 /opt/lampp/htdocs/narsysapi/vendor/illuminate/container/Container.php(833): ReflectionClass->__construct()
#4 /opt/lampp/htdocs/narsysapi/vendor/illuminate/container/Container.php(714): Illuminate\\Container\\Container->build()
#5 /opt/lampp/htdocs/narsysapi/vendor/illuminate/container/Container.php(652): Illuminate\\Container\\Container->resolve()
#6 /opt/lampp/htdocs/narsysapi/vendor/laravel/lumen-framework/src/Application.php(300): Illuminate\\Container\\Container->make()
#7 /opt/lampp/htdocs/narsysapi/vendor/laravel/lumen-framework/src/Concerns/RoutesRequests.php(321): Laravel\\Lumen\\Application->make()
#8 /opt/lampp/htdocs/narsysapi/vendor/laravel/lumen-framework/src/Concerns/RoutesRequests.php(279): Laravel\\Lumen\\Application->callControllerAction()
#9 /opt/lampp/htdocs/narsysapi/vendor/laravel/lumen-framework/src/Concerns/RoutesRequests.php(259): Laravel\\Lumen\\Application->callActionOnArrayBasedRoute()
#10 /opt/lampp/htdocs/narsysapi/vendor/laravel/lumen-framework/src/Routing/Pipeline.php(48): Laravel\\Lumen\\Application->Laravel\\Lumen\\Concerns\\{closure}()
#11 /opt/lampp/htdocs/narsysapi/app/Http/Middleware/CorsMiddleware.php(31): Laravel\\Lumen\\Routing\\Pipeline->Laravel\\Lumen\\Routing\\{closure}()
#12 /opt/lampp/htdocs/narsysapi/vendor/illuminate/pipeline/Pipeline.php(167): App\\Http\\Middleware\\CorsMiddleware->handle()
#13 /opt/lampp/htdocs/narsysapi/vendor/laravel/lumen-framework/src/Routing/Pipeline.php(30): Illuminate\\Pipeline\\Pipeline->Illuminate\\Pipeline\\{closure}()
#14 /opt/lampp/htdocs/narsysapi/vendor/illuminate/pipeline/Pipeline.php(103): Laravel\\Lumen\\Routing\\Pipeline->Laravel\\Lumen\\Routing\\{closure}()
#15 /opt/lampp/htdocs/narsysapi/vendor/laravel/lumen-framework/src/Concerns/RoutesRequests.php(423): Illuminate\\Pipeline\\Pipeline->then()
#16 /opt/lampp/htdocs/narsysapi/vendor/laravel/lumen-framework/src/Concerns/RoutesRequests.php(260): Laravel\\Lumen\\Application->sendThroughPipeline()
#17 /opt/lampp/htdocs/narsysapi/vendor/laravel/lumen-framework/src/Concerns/RoutesRequests.php(234): Laravel\\Lumen\\Application->handleFoundRoute()
#18 /opt/lampp/htdocs/narsysapi/vendor/laravel/lumen-framework/src/Concerns/RoutesRequests.php(170): Laravel\\Lumen\\Application->handleDispatcherResponse()
#19 /opt/lampp/htdocs/narsysapi/vendor/laravel/lumen-framework/src/Concerns/RoutesRequests.php(426): Laravel\\Lumen\\Application->Laravel\\Lumen\\Concerns\\{closure}()
#20 /opt/lampp/htdocs/narsysapi/vendor/laravel/lumen-framework/src/Concerns/RoutesRequests.php(172): Laravel\\Lumen\\Application->sendThroughPipeline()
#21 /opt/lampp/htdocs/narsysapi/vendor/laravel/lumen-framework/src/Concerns/RoutesRequests.php(109): Laravel\\Lumen\\Application->dispatch()
#22 /opt/lampp/htdocs/narsysapi/public/index.php(28): Laravel\\Lumen\\Application->run()
#23 {main}
"} 
