[2021-05-02 23:09:44] local.ERROR: syntax error, unexpected ')', expecting ']' {"exception":"[object] (ParseError(code: 0): syntax error, unexpected ')', expecting ']' at /opt/lampp/htdocs/narsysapi/routes/web.php:51)
[stacktrace]
#0 /opt/lampp/htdocs/narsysapi/vendor/laravel/lumen-framework/src/Routing/Router.php(62): {closure}()
#1 /opt/lampp/htdocs/narsysapi/bootstrap/app.php(118): Laravel\\Lumen\\Routing\\Router->group()
#2 /opt/lampp/htdocs/narsysapi/public/index.php(14): require('/opt/lampp/htdo...')
#3 {main}
"} 
[2021-05-02 23:09:50] local.ERROR: syntax error, unexpected ')', expecting ']' {"exception":"[object] (ParseError(code: 0): syntax error, unexpected ')', expecting ']' at /opt/lampp/htdocs/narsysapi/routes/web.php:51)
[stacktrace]
#0 /opt/lampp/htdocs/narsysapi/vendor/laravel/lumen-framework/src/Routing/Router.php(62): {closure}()
#1 /opt/lampp/htdocs/narsysapi/bootstrap/app.php(118): Laravel\\Lumen\\Routing\\Router->group()
#2 /opt/lampp/htdocs/narsysapi/public/index.php(14): require('/opt/lampp/htdo...')
#3 {main}
"} 
[2021-05-02 23:12:54] local.ERROR: Target class [cors] does not exist. {"exception":"[object] (Illuminate\\Contracts\\Container\\BindingResolutionException(code: 0): Target class [cors] does not exist. at /opt/lampp/htdocs/narsysapi/vendor/illuminate/container/Container.php:835)
[stacktrace]
#0 /opt/lampp/htdocs/narsysapi/vendor/illuminate/container/Container.php(714): Illuminate\\Container\\Container->build()
#1 /opt/lampp/htdocs/narsysapi/vendor/illuminate/container/Container.php(652): Illuminate\\Container\\Container->resolve()
#2 /opt/lampp/htdocs/narsysapi/vendor/laravel/lumen-framework/src/Application.php(300): Illuminate\\Container\\Container->make()
#3 /opt/lampp/htdocs/narsysapi/vendor/illuminate/pipeline/Pipeline.php(156): Laravel\\Lumen\\Application->make()
#4 /opt/lampp/htdocs/narsysapi/vendor/laravel/lumen-framework/src/Routing/Pipeline.php(30): Illuminate\\Pipeline\\Pipeline->Illuminate\\Pipeline\\{closure}()
#5 /opt/lampp/htdocs/narsysapi/vendor/illuminate/pipeline/Pipeline.php(103): Laravel\\Lumen\\Routing\\Pipeline->Laravel\\Lumen\\Routing\\{closure}()
#6 /opt/lampp/htdocs/narsysapi/vendor/laravel/lumen-framework/src/Concerns/RoutesRequests.php(423): Illuminate\\Pipeline\\Pipeline->then()
#7 /opt/lampp/htdocs/narsysapi/vendor/laravel/lumen-framework/src/Concerns/RoutesRequests.php(260): Laravel\\Lumen\\Application->sendThroughPipeline()
#8 /opt/lampp/htdocs/narsysapi/vendor/laravel/lumen-framework/src/Concerns/RoutesRequests.php(166): Laravel\\Lumen\\Application->handleFoundRoute()
#9 /opt/lampp/htdocs/narsysapi/vendor/laravel/lumen-framework/src/Concerns/RoutesRequests.php(426): Laravel\\Lumen\\Application->Laravel\\Lumen\\Concerns\\{closure}()
#10 /opt/lampp/htdocs/narsysapi/vendor/laravel/lumen-framework/src/Concerns/RoutesRequests.php(172): Laravel\\Lumen\\Application->sendThroughPipeline()
#11 /opt/lampp/htdocs/narsysapi/vendor/laravel/lumen-framework/src/Concerns/RoutesRequests.php(109): Laravel\\Lumen\\Application->dispatch()
#12 /opt/lampp/htdocs/narsysapi/public/index.php(28): Laravel\\Lumen\\Application->run()
#13 {main}

[previous exception] [object] (ReflectionException(code: -1): Class cors does not exist at /opt/lampp/htdocs/narsysapi/vendor/illuminate/container/Container.php:833)
[stacktrace]
#0 /opt/lampp/htdocs/narsysapi/vendor/illuminate/container/Container.php(833): ReflectionClass->__construct()
#1 /opt/lampp/htdocs/narsysapi/vendor/illuminate/container/Container.php(714): Illuminate\\Container\\Container->build()
#2 /opt/lampp/htdocs/narsysapi/vendor/illuminate/container/Container.php(652): Illuminate\\Container\\Container->resolve()
#3 /opt/lampp/htdocs/narsysapi/vendor/laravel/lumen-framework/src/Application.php(300): Illuminate\\Container\\Container->make()
#4 /opt/lampp/htdocs/narsysapi/vendor/illuminate/pipeline/Pipeline.php(156): Laravel\\Lumen\\Application->make()
#5 /opt/lampp/htdocs/narsysapi/vendor/laravel/lumen-framework/src/Routing/Pipeline.php(30): Illuminate\\Pipeline\\Pipeline->Illuminate\\Pipeline\\{closure}()
#6 /opt/lampp/htdocs/narsysapi/vendor/illuminate/pipeline/Pipeline.php(103): Laravel\\Lumen\\Routing\\Pipeline->Laravel\\Lumen\\Routing\\{closure}()
#7 /opt/lampp/htdocs/narsysapi/vendor/laravel/lumen-framework/src/Concerns/RoutesRequests.php(423): Illuminate\\Pipeline\\Pipeline->then()
#8 /opt/lampp/htdocs/narsysapi/vendor/laravel/lumen-framework/src/Concerns/RoutesRequests.php(260): Laravel\\Lumen\\Application->sendThroughPipeline()
#9 /opt/lampp/htdocs/narsysapi/vendor/laravel/lumen-framework/src/Concerns/RoutesRequests.php(166): Laravel\\Lumen\\Application->handleFoundRoute()
#10 /opt/lampp/htdocs/narsysapi/vendor/laravel/lumen-framework/src/Concerns/RoutesRequests.php(426): Laravel\\Lumen\\Application->Laravel\\Lumen\\Concerns\\{closure}()
#11 /opt/lampp/htdocs/narsysapi/vendor/laravel/lumen-framework/src/Concerns/RoutesRequests.php(172): Laravel\\Lumen\\Application->sendThroughPipeline()
#12 /opt/lampp/htdocs/narsysapi/vendor/laravel/lumen-framework/src/Concerns/RoutesRequests.php(109): Laravel\\Lumen\\Application->dispatch()
#13 /opt/lampp/htdocs/narsysapi/public/index.php(28): Laravel\\Lumen\\Application->run()
#14 {main}
"} 
[2021-05-02 23:13:10] local.ERROR: Target class [cors] does not exist. {"exception":"[object] (Illuminate\\Contracts\\Container\\BindingResolutionException(code: 0): Target class [cors] does not exist. at /opt/lampp/htdocs/narsysapi/vendor/illuminate/container/Container.php:835)
[stacktrace]
#0 /opt/lampp/htdocs/narsysapi/vendor/illuminate/container/Container.php(714): Illuminate\\Container\\Container->build()
#1 /opt/lampp/htdocs/narsysapi/vendor/illuminate/container/Container.php(652): Illuminate\\Container\\Container->resolve()
#2 /opt/lampp/htdocs/narsysapi/vendor/laravel/lumen-framework/src/Application.php(300): Illuminate\\Container\\Container->make()
#3 /opt/lampp/htdocs/narsysapi/vendor/illuminate/pipeline/Pipeline.php(156): Laravel\\Lumen\\Application->make()
#4 /opt/lampp/htdocs/narsysapi/vendor/laravel/lumen-framework/src/Routing/Pipeline.php(30): Illuminate\\Pipeline\\Pipeline->Illuminate\\Pipeline\\{closure}()
#5 /opt/lampp/htdocs/narsysapi/vendor/illuminate/pipeline/Pipeline.php(103): Laravel\\Lumen\\Routing\\Pipeline->Laravel\\Lumen\\Routing\\{closure}()
#6 /opt/lampp/htdocs/narsysapi/vendor/laravel/lumen-framework/src/Concerns/RoutesRequests.php(423): Illuminate\\Pipeline\\Pipeline->then()
#7 /opt/lampp/htdocs/narsysapi/vendor/laravel/lumen-framework/src/Concerns/RoutesRequests.php(260): Laravel\\Lumen\\Application->sendThroughPipeline()
#8 /opt/lampp/htdocs/narsysapi/vendor/laravel/lumen-framework/src/Concerns/RoutesRequests.php(166): Laravel\\Lumen\\Application->handleFoundRoute()
#9 /opt/lampp/htdocs/narsysapi/vendor/laravel/lumen-framework/src/Concerns/RoutesRequests.php(426): Laravel\\Lumen\\Application->Laravel\\Lumen\\Concerns\\{closure}()
#10 /opt/lampp/htdocs/narsysapi/vendor/laravel/lumen-framework/src/Concerns/RoutesRequests.php(172): Laravel\\Lumen\\Application->sendThroughPipeline()
#11 /opt/lampp/htdocs/narsysapi/vendor/laravel/lumen-framework/src/Concerns/RoutesRequests.php(109): Laravel\\Lumen\\Application->dispatch()
#12 /opt/lampp/htdocs/narsysapi/public/index.php(28): Laravel\\Lumen\\Application->run()
#13 {main}

[previous exception] [object] (ReflectionException(code: -1): Class cors does not exist at /opt/lampp/htdocs/narsysapi/vendor/illuminate/container/Container.php:833)
[stacktrace]
#0 /opt/lampp/htdocs/narsysapi/vendor/illuminate/container/Container.php(833): ReflectionClass->__construct()
#1 /opt/lampp/htdocs/narsysapi/vendor/illuminate/container/Container.php(714): Illuminate\\Container\\Container->build()
#2 /opt/lampp/htdocs/narsysapi/vendor/illuminate/container/Container.php(652): Illuminate\\Container\\Container->resolve()
#3 /opt/lampp/htdocs/narsysapi/vendor/laravel/lumen-framework/src/Application.php(300): Illuminate\\Container\\Container->make()
#4 /opt/lampp/htdocs/narsysapi/vendor/illuminate/pipeline/Pipeline.php(156): Laravel\\Lumen\\Application->make()
#5 /opt/lampp/htdocs/narsysapi/vendor/laravel/lumen-framework/src/Routing/Pipeline.php(30): Illuminate\\Pipeline\\Pipeline->Illuminate\\Pipeline\\{closure}()
#6 /opt/lampp/htdocs/narsysapi/vendor/illuminate/pipeline/Pipeline.php(103): Laravel\\Lumen\\Routing\\Pipeline->Laravel\\Lumen\\Routing\\{closure}()
#7 /opt/lampp/htdocs/narsysapi/vendor/laravel/lumen-framework/src/Concerns/RoutesRequests.php(423): Illuminate\\Pipeline\\Pipeline->then()
#8 /opt/lampp/htdocs/narsysapi/vendor/laravel/lumen-framework/src/Concerns/RoutesRequests.php(260): Laravel\\Lumen\\Application->sendThroughPipeline()
#9 /opt/lampp/htdocs/narsysapi/vendor/laravel/lumen-framework/src/Concerns/RoutesRequests.php(166): Laravel\\Lumen\\Application->handleFoundRoute()
#10 /opt/lampp/htdocs/narsysapi/vendor/laravel/lumen-framework/src/Concerns/RoutesRequests.php(426): Laravel\\Lumen\\Application->Laravel\\Lumen\\Concerns\\{closure}()
#11 /opt/lampp/htdocs/narsysapi/vendor/laravel/lumen-framework/src/Concerns/RoutesRequests.php(172): Laravel\\Lumen\\Application->sendThroughPipeline()
#12 /opt/lampp/htdocs/narsysapi/vendor/laravel/lumen-framework/src/Concerns/RoutesRequests.php(109): Laravel\\Lumen\\Application->dispatch()
#13 /opt/lampp/htdocs/narsysapi/public/index.php(28): Laravel\\Lumen\\Application->run()
#14 {main}
"} 
