[2021-05-10 22:02:14] local.ERROR: Call to a member function isEmpty() on array {"exception":"[object] (Error(code: 0): Call to a member function isEmpty() on array at /opt/lampp/htdocs/narsysapi/app/Http/Controllers/UsulanController.php:195)
[stacktrace]
#0 /opt/lampp/htdocs/narsysapi/vendor/illuminate/container/BoundMethod.php(36): App\\Http\\Controllers\\UsulanController->simulasi()
#1 /opt/lampp/htdocs/narsysapi/vendor/illuminate/container/Util.php(40): Illuminate\\Container\\BoundMethod::Illuminate\\Container\\{closure}()
#2 /opt/lampp/htdocs/narsysapi/vendor/illuminate/container/BoundMethod.php(93): Illuminate\\Container\\Util::unwrapIfClosure()
#3 /opt/lampp/htdocs/narsysapi/vendor/illuminate/container/BoundMethod.php(37): Illuminate\\Container\\BoundMethod::callBoundMethod()
#4 /opt/lampp/htdocs/narsysapi/vendor/illuminate/container/Container.php(611): Illuminate\\Container\\BoundMethod::call()
#5 /opt/lampp/htdocs/narsysapi/vendor/laravel/lumen-framework/src/Concerns/RoutesRequests.php(386): Illuminate\\Container\\Container->call()
#6 /opt/lampp/htdocs/narsysapi/vendor/laravel/lumen-framework/src/Concerns/RoutesRequests.php(352): Laravel\\Lumen\\Application->callControllerCallable()
#7 /opt/lampp/htdocs/narsysapi/vendor/laravel/lumen-framework/src/Concerns/RoutesRequests.php(326): Laravel\\Lumen\\Application->callLumenController()
#8 /opt/lampp/htdocs/narsysapi/vendor/laravel/lumen-framework/src/Concerns/RoutesRequests.php(279): Laravel\\Lumen\\Application->callControllerAction()
#9 /opt/lampp/htdocs/narsysapi/vendor/laravel/lumen-framework/src/Concerns/RoutesRequests.php(259): Laravel\\Lumen\\Application->callActionOnArrayBasedRoute()
#10 /opt/lampp/htdocs/narsysapi/vendor/laravel/lumen-framework/src/Routing/Pipeline.php(48): Laravel\\Lumen\\Application->Laravel\\Lumen\\Concerns\\{closure}()
#11 /opt/lampp/htdocs/narsysapi/app/Http/Middleware/CorsMiddleware.php(31): Laravel\\Lumen\\Routing\\Pipeline->Laravel\\Lumen\\Routing\\{closure}()
#12 /opt/lampp/htdocs/narsysapi/vendor/illuminate/pipeline/Pipeline.php(167): App\\Http\\Middleware\\CorsMiddleware->handle()
#13 /opt/lampp/htdocs/narsysapi/vendor/laravel/lumen-framework/src/Routing/Pipeline.php(30): Illuminate\\Pipeline\\Pipeline->Illuminate\\Pipeline\\{closure}()
#14 /opt/lampp/htdocs/narsysapi/vendor/illuminate/pipeline/Pipeline.php(103): Laravel\\Lumen\\Routing\\Pipeline->Laravel\\Lumen\\Routing\\{closure}()
#15 /opt/lampp/htdocs/narsysapi/vendor/laravel/lumen-framework/src/Concerns/RoutesRequests.php(423): Illuminate\\Pipeline\\Pipeline->then()
#16 /opt/lampp/htdocs/narsysapi/vendor/laravel/lumen-framework/src/Concerns/RoutesRequests.php(260): Laravel\\Lumen\\Application->sendThroughPipeline()
#17 /opt/lampp/htdocs/narsysapi/vendor/laravel/lumen-framework/src/Concerns/RoutesRequests.php(234): Laravel\\Lumen\\Application->handleFoundRoute()
#18 /opt/lampp/htdocs/narsysapi/vendor/laravel/lumen-framework/src/Concerns/RoutesRequests.php(170): Laravel\\Lumen\\Application->handleDispatcherResponse()
#19 /opt/lampp/htdocs/narsysapi/vendor/laravel/lumen-framework/src/Concerns/RoutesRequests.php(426): Laravel\\Lumen\\Application->Laravel\\Lumen\\Concerns\\{closure}()
#20 /opt/lampp/htdocs/narsysapi/vendor/laravel/lumen-framework/src/Concerns/RoutesRequests.php(172): Laravel\\Lumen\\Application->sendThroughPipeline()
#21 /opt/lampp/htdocs/narsysapi/vendor/laravel/lumen-framework/src/Concerns/RoutesRequests.php(109): Laravel\\Lumen\\Application->dispatch()
#22 /opt/lampp/htdocs/narsysapi/public/index.php(28): Laravel\\Lumen\\Application->run()
#23 {main}
"} 
[2021-05-10 22:04:20] local.ERROR: Call to a member function isEmpty() on array {"exception":"[object] (Error(code: 0): Call to a member function isEmpty() on array at /opt/lampp/htdocs/narsysapi/app/Http/Controllers/UsulanController.php:195)
[stacktrace]
#0 /opt/lampp/htdocs/narsysapi/vendor/illuminate/container/BoundMethod.php(36): App\\Http\\Controllers\\UsulanController->simulasi()
#1 /opt/lampp/htdocs/narsysapi/vendor/illuminate/container/Util.php(40): Illuminate\\Container\\BoundMethod::Illuminate\\Container\\{closure}()
#2 /opt/lampp/htdocs/narsysapi/vendor/illuminate/container/BoundMethod.php(93): Illuminate\\Container\\Util::unwrapIfClosure()
#3 /opt/lampp/htdocs/narsysapi/vendor/illuminate/container/BoundMethod.php(37): Illuminate\\Container\\BoundMethod::callBoundMethod()
#4 /opt/lampp/htdocs/narsysapi/vendor/illuminate/container/Container.php(611): Illuminate\\Container\\BoundMethod::call()
#5 /opt/lampp/htdocs/narsysapi/vendor/laravel/lumen-framework/src/Concerns/RoutesRequests.php(386): Illuminate\\Container\\Container->call()
#6 /opt/lampp/htdocs/narsysapi/vendor/laravel/lumen-framework/src/Concerns/RoutesRequests.php(352): Laravel\\Lumen\\Application->callControllerCallable()
#7 /opt/lampp/htdocs/narsysapi/vendor/laravel/lumen-framework/src/Concerns/RoutesRequests.php(326): Laravel\\Lumen\\Application->callLumenController()
#8 /opt/lampp/htdocs/narsysapi/vendor/laravel/lumen-framework/src/Concerns/RoutesRequests.php(279): Laravel\\Lumen\\Application->callControllerAction()
#9 /opt/lampp/htdocs/narsysapi/vendor/laravel/lumen-framework/src/Concerns/RoutesRequests.php(259): Laravel\\Lumen\\Application->callActionOnArrayBasedRoute()
#10 /opt/lampp/htdocs/narsysapi/vendor/laravel/lumen-framework/src/Routing/Pipeline.php(48): Laravel\\Lumen\\Application->Laravel\\Lumen\\Concerns\\{closure}()
#11 /opt/lampp/htdocs/narsysapi/app/Http/Middleware/CorsMiddleware.php(31): Laravel\\Lumen\\Routing\\Pipeline->Laravel\\Lumen\\Routing\\{closure}()
#12 /opt/lampp/htdocs/narsysapi/vendor/illuminate/pipeline/Pipeline.php(167): App\\Http\\Middleware\\CorsMiddleware->handle()
#13 /opt/lampp/htdocs/narsysapi/vendor/laravel/lumen-framework/src/Routing/Pipeline.php(30): Illuminate\\Pipeline\\Pipeline->Illuminate\\Pipeline\\{closure}()
#14 /opt/lampp/htdocs/narsysapi/vendor/illuminate/pipeline/Pipeline.php(103): Laravel\\Lumen\\Routing\\Pipeline->Laravel\\Lumen\\Routing\\{closure}()
#15 /opt/lampp/htdocs/narsysapi/vendor/laravel/lumen-framework/src/Concerns/RoutesRequests.php(423): Illuminate\\Pipeline\\Pipeline->then()
#16 /opt/lampp/htdocs/narsysapi/vendor/laravel/lumen-framework/src/Concerns/RoutesRequests.php(260): Laravel\\Lumen\\Application->sendThroughPipeline()
#17 /opt/lampp/htdocs/narsysapi/vendor/laravel/lumen-framework/src/Concerns/RoutesRequests.php(234): Laravel\\Lumen\\Application->handleFoundRoute()
#18 /opt/lampp/htdocs/narsysapi/vendor/laravel/lumen-framework/src/Concerns/RoutesRequests.php(170): Laravel\\Lumen\\Application->handleDispatcherResponse()
#19 /opt/lampp/htdocs/narsysapi/vendor/laravel/lumen-framework/src/Concerns/RoutesRequests.php(426): Laravel\\Lumen\\Application->Laravel\\Lumen\\Concerns\\{closure}()
#20 /opt/lampp/htdocs/narsysapi/vendor/laravel/lumen-framework/src/Concerns/RoutesRequests.php(172): Laravel\\Lumen\\Application->sendThroughPipeline()
#21 /opt/lampp/htdocs/narsysapi/vendor/laravel/lumen-framework/src/Concerns/RoutesRequests.php(109): Laravel\\Lumen\\Application->dispatch()
#22 /opt/lampp/htdocs/narsysapi/public/index.php(28): Laravel\\Lumen\\Application->run()
#23 {main}
"} 
[2021-05-10 22:20:34] local.ERROR: The "-m" option does not exist. {"exception":"[object] (Symfony\\Component\\Console\\Exception\\RuntimeException(code: 0): The \"-m\" option does not exist. at /opt/lampp/htdocs/narsysapi/vendor/symfony/console/Input/ArgvInput.php:198)
[stacktrace]
#0 /opt/lampp/htdocs/narsysapi/vendor/symfony/console/Input/ArgvInput.php(100): Symfony\\Component\\Console\\Input\\ArgvInput->addShortOption()
#1 /opt/lampp/htdocs/narsysapi/vendor/symfony/console/Input/ArgvInput.php(78): Symfony\\Component\\Console\\Input\\ArgvInput->parseShortOption()
#2 /opt/lampp/htdocs/narsysapi/vendor/symfony/console/Input/Input.php(55): Symfony\\Component\\Console\\Input\\ArgvInput->parse()
#3 /opt/lampp/htdocs/narsysapi/vendor/symfony/console/Command/Command.php(215): Symfony\\Component\\Console\\Input\\Input->bind()
#4 /opt/lampp/htdocs/narsysapi/vendor/illuminate/console/Command.php(121): Symfony\\Component\\Console\\Command\\Command->run()
#5 /opt/lampp/htdocs/narsysapi/vendor/symfony/console/Application.php(971): Illuminate\\Console\\Command->run()
#6 /opt/lampp/htdocs/narsysapi/vendor/symfony/console/Application.php(290): Symfony\\Component\\Console\\Application->doRunCommand()
#7 /opt/lampp/htdocs/narsysapi/vendor/symfony/console/Application.php(166): Symfony\\Component\\Console\\Application->doRun()
#8 /opt/lampp/htdocs/narsysapi/vendor/illuminate/console/Application.php(92): Symfony\\Component\\Console\\Application->run()
#9 /opt/lampp/htdocs/narsysapi/vendor/laravel/lumen-framework/src/Console/Kernel.php(116): Illuminate\\Console\\Application->run()
#10 /opt/lampp/htdocs/narsysapi/artisan(35): Laravel\\Lumen\\Console\\Kernel->handle()
#11 {main}
"} 
[2021-05-10 22:20:37] local.ERROR: The "-r" option does not exist. {"exception":"[object] (Symfony\\Component\\Console\\Exception\\RuntimeException(code: 0): The \"-r\" option does not exist. at /opt/lampp/htdocs/narsysapi/vendor/symfony/console/Input/ArgvInput.php:198)
[stacktrace]
#0 /opt/lampp/htdocs/narsysapi/vendor/symfony/console/Input/ArgvInput.php(100): Symfony\\Component\\Console\\Input\\ArgvInput->addShortOption()
#1 /opt/lampp/htdocs/narsysapi/vendor/symfony/console/Input/ArgvInput.php(78): Symfony\\Component\\Console\\Input\\ArgvInput->parseShortOption()
#2 /opt/lampp/htdocs/narsysapi/vendor/symfony/console/Input/Input.php(55): Symfony\\Component\\Console\\Input\\ArgvInput->parse()
#3 /opt/lampp/htdocs/narsysapi/vendor/symfony/console/Command/Command.php(215): Symfony\\Component\\Console\\Input\\Input->bind()
#4 /opt/lampp/htdocs/narsysapi/vendor/illuminate/console/Command.php(121): Symfony\\Component\\Console\\Command\\Command->run()
#5 /opt/lampp/htdocs/narsysapi/vendor/symfony/console/Application.php(971): Illuminate\\Console\\Command->run()
#6 /opt/lampp/htdocs/narsysapi/vendor/symfony/console/Application.php(290): Symfony\\Component\\Console\\Application->doRunCommand()
#7 /opt/lampp/htdocs/narsysapi/vendor/symfony/console/Application.php(166): Symfony\\Component\\Console\\Application->doRun()
#8 /opt/lampp/htdocs/narsysapi/vendor/illuminate/console/Application.php(92): Symfony\\Component\\Console\\Application->run()
#9 /opt/lampp/htdocs/narsysapi/vendor/laravel/lumen-framework/src/Console/Kernel.php(116): Illuminate\\Console\\Application->run()
#10 /opt/lampp/htdocs/narsysapi/artisan(35): Laravel\\Lumen\\Console\\Kernel->handle()
#11 {main}
"} 
[2021-05-10 22:21:55] local.ERROR: The "-m" option does not exist. {"exception":"[object] (Symfony\\Component\\Console\\Exception\\RuntimeException(code: 0): The \"-m\" option does not exist. at /opt/lampp/htdocs/narsysapi/vendor/symfony/console/Input/ArgvInput.php:198)
[stacktrace]
#0 /opt/lampp/htdocs/narsysapi/vendor/symfony/console/Input/ArgvInput.php(100): Symfony\\Component\\Console\\Input\\ArgvInput->addShortOption()
#1 /opt/lampp/htdocs/narsysapi/vendor/symfony/console/Input/ArgvInput.php(78): Symfony\\Component\\Console\\Input\\ArgvInput->parseShortOption()
#2 /opt/lampp/htdocs/narsysapi/vendor/symfony/console/Input/Input.php(55): Symfony\\Component\\Console\\Input\\ArgvInput->parse()
#3 /opt/lampp/htdocs/narsysapi/vendor/symfony/console/Command/Command.php(215): Symfony\\Component\\Console\\Input\\Input->bind()
#4 /opt/lampp/htdocs/narsysapi/vendor/illuminate/console/Command.php(121): Symfony\\Component\\Console\\Command\\Command->run()
#5 /opt/lampp/htdocs/narsysapi/vendor/symfony/console/Application.php(971): Illuminate\\Console\\Command->run()
#6 /opt/lampp/htdocs/narsysapi/vendor/symfony/console/Application.php(290): Symfony\\Component\\Console\\Application->doRunCommand()
#7 /opt/lampp/htdocs/narsysapi/vendor/symfony/console/Application.php(166): Symfony\\Component\\Console\\Application->doRun()
#8 /opt/lampp/htdocs/narsysapi/vendor/illuminate/console/Application.php(92): Symfony\\Component\\Console\\Application->run()
#9 /opt/lampp/htdocs/narsysapi/vendor/laravel/lumen-framework/src/Console/Kernel.php(116): Illuminate\\Console\\Application->run()
#10 /opt/lampp/htdocs/narsysapi/artisan(35): Laravel\\Lumen\\Console\\Kernel->handle()
#11 {main}
"} 
[2021-05-10 22:21:58] local.ERROR: The "-r" option does not exist. {"exception":"[object] (Symfony\\Component\\Console\\Exception\\RuntimeException(code: 0): The \"-r\" option does not exist. at /opt/lampp/htdocs/narsysapi/vendor/symfony/console/Input/ArgvInput.php:198)
[stacktrace]
#0 /opt/lampp/htdocs/narsysapi/vendor/symfony/console/Input/ArgvInput.php(100): Symfony\\Component\\Console\\Input\\ArgvInput->addShortOption()
#1 /opt/lampp/htdocs/narsysapi/vendor/symfony/console/Input/ArgvInput.php(78): Symfony\\Component\\Console\\Input\\ArgvInput->parseShortOption()
#2 /opt/lampp/htdocs/narsysapi/vendor/symfony/console/Input/Input.php(55): Symfony\\Component\\Console\\Input\\ArgvInput->parse()
#3 /opt/lampp/htdocs/narsysapi/vendor/symfony/console/Command/Command.php(215): Symfony\\Component\\Console\\Input\\Input->bind()
#4 /opt/lampp/htdocs/narsysapi/vendor/illuminate/console/Command.php(121): Symfony\\Component\\Console\\Command\\Command->run()
#5 /opt/lampp/htdocs/narsysapi/vendor/symfony/console/Application.php(971): Illuminate\\Console\\Command->run()
#6 /opt/lampp/htdocs/narsysapi/vendor/symfony/console/Application.php(290): Symfony\\Component\\Console\\Application->doRunCommand()
#7 /opt/lampp/htdocs/narsysapi/vendor/symfony/console/Application.php(166): Symfony\\Component\\Console\\Application->doRun()
#8 /opt/lampp/htdocs/narsysapi/vendor/illuminate/console/Application.php(92): Symfony\\Component\\Console\\Application->run()
#9 /opt/lampp/htdocs/narsysapi/vendor/laravel/lumen-framework/src/Console/Kernel.php(116): Illuminate\\Console\\Application->run()
#10 /opt/lampp/htdocs/narsysapi/artisan(35): Laravel\\Lumen\\Console\\Kernel->handle()
#11 {main}
"} 
