[2021-04-27 00:34:48] local.ERROR: SQLSTATE[42000]: Syntax error or access violation: 1064 You have an error in your SQL syntax; check the manual that corresponds to your MariaDB server version for the right syntax to use near 'ORDER BY score ASC' at line 1 (SQL: SELECT nama, judul, prodi, (MATCH(judul) AGAINST((:judul1) IN NATURAL LANGUAGE MODE)) AS score  FROM rekap WHERE MATCH(judul) AGAINST((:judul2) IN NATURAL LANGUAGE MODE) LIMIT 10 ORDER BY score ASC) {"exception":"[object] (Illuminate\\Database\\QueryException(code: 42000): SQLSTATE[42000]: Syntax error or access violation: 1064 You have an error in your SQL syntax; check the manual that corresponds to your MariaDB server version for the right syntax to use near 'ORDER BY score ASC' at line 1 (SQL: SELECT nama, judul, prodi, (MATCH(judul) AGAINST((:judul1) IN NATURAL LANGUAGE MODE)) AS score  FROM rekap WHERE MATCH(judul) AGAINST((:judul2) IN NATURAL LANGUAGE MODE) LIMIT 10 ORDER BY score ASC) at /opt/lampp/htdocs/narsysapi/vendor/illuminate/database/Connection.php:678)
[stacktrace]
#0 /opt/lampp/htdocs/narsysapi/vendor/illuminate/database/Connection.php(638): Illuminate\\Database\\Connection->runQueryCallback()
#1 /opt/lampp/htdocs/narsysapi/vendor/illuminate/database/Connection.php(346): Illuminate\\Database\\Connection->run()
#2 /opt/lampp/htdocs/narsysapi/vendor/illuminate/database/DatabaseManager.php(371): Illuminate\\Database\\Connection->select()
#3 /opt/lampp/htdocs/narsysapi/vendor/illuminate/support/Facades/Facade.php(261): Illuminate\\Database\\DatabaseManager->__call()
#4 /opt/lampp/htdocs/narsysapi/app/Http/Controllers/RekapController.php(43): Illuminate\\Support\\Facades\\Facade::__callStatic()
#5 /opt/lampp/htdocs/narsysapi/vendor/illuminate/container/BoundMethod.php(36): App\\Http\\Controllers\\RekapController->show()
#6 /opt/lampp/htdocs/narsysapi/vendor/illuminate/container/Util.php(40): Illuminate\\Container\\BoundMethod::Illuminate\\Container\\{closure}()
#7 /opt/lampp/htdocs/narsysapi/vendor/illuminate/container/BoundMethod.php(93): Illuminate\\Container\\Util::unwrapIfClosure()
#8 /opt/lampp/htdocs/narsysapi/vendor/illuminate/container/BoundMethod.php(37): Illuminate\\Container\\BoundMethod::callBoundMethod()
#9 /opt/lampp/htdocs/narsysapi/vendor/illuminate/container/Container.php(611): Illuminate\\Container\\BoundMethod::call()
#10 /opt/lampp/htdocs/narsysapi/vendor/laravel/lumen-framework/src/Concerns/RoutesRequests.php(386): Illuminate\\Container\\Container->call()
#11 /opt/lampp/htdocs/narsysapi/vendor/laravel/lumen-framework/src/Concerns/RoutesRequests.php(352): Laravel\\Lumen\\Application->callControllerCallable()
#12 /opt/lampp/htdocs/narsysapi/vendor/laravel/lumen-framework/src/Concerns/RoutesRequests.php(326): Laravel\\Lumen\\Application->callLumenController()
#13 /opt/lampp/htdocs/narsysapi/vendor/laravel/lumen-framework/src/Concerns/RoutesRequests.php(279): Laravel\\Lumen\\Application->callControllerAction()
#14 /opt/lampp/htdocs/narsysapi/vendor/laravel/lumen-framework/src/Concerns/RoutesRequests.php(259): Laravel\\Lumen\\Application->callActionOnArrayBasedRoute()
#15 /opt/lampp/htdocs/narsysapi/vendor/laravel/lumen-framework/src/Routing/Pipeline.php(48): Laravel\\Lumen\\Application->Laravel\\Lumen\\Concerns\\{closure}()
#16 /opt/lampp/htdocs/narsysapi/app/Http/Middleware/CorsMiddleware.php(31): Laravel\\Lumen\\Routing\\Pipeline->Laravel\\Lumen\\Routing\\{closure}()
#17 /opt/lampp/htdocs/narsysapi/vendor/illuminate/pipeline/Pipeline.php(167): App\\Http\\Middleware\\CorsMiddleware->handle()
#18 /opt/lampp/htdocs/narsysapi/vendor/laravel/lumen-framework/src/Routing/Pipeline.php(30): Illuminate\\Pipeline\\Pipeline->Illuminate\\Pipeline\\{closure}()
#19 /opt/lampp/htdocs/narsysapi/vendor/illuminate/pipeline/Pipeline.php(103): Laravel\\Lumen\\Routing\\Pipeline->Laravel\\Lumen\\Routing\\{closure}()
#20 /opt/lampp/htdocs/narsysapi/vendor/laravel/lumen-framework/src/Concerns/RoutesRequests.php(423): Illuminate\\Pipeline\\Pipeline->then()
#21 /opt/lampp/htdocs/narsysapi/vendor/laravel/lumen-framework/src/Concerns/RoutesRequests.php(260): Laravel\\Lumen\\Application->sendThroughPipeline()
#22 /opt/lampp/htdocs/narsysapi/vendor/laravel/lumen-framework/src/Concerns/RoutesRequests.php(234): Laravel\\Lumen\\Application->handleFoundRoute()
#23 /opt/lampp/htdocs/narsysapi/vendor/laravel/lumen-framework/src/Concerns/RoutesRequests.php(170): Laravel\\Lumen\\Application->handleDispatcherResponse()
#24 /opt/lampp/htdocs/narsysapi/vendor/laravel/lumen-framework/src/Concerns/RoutesRequests.php(426): Laravel\\Lumen\\Application->Laravel\\Lumen\\Concerns\\{closure}()
#25 /opt/lampp/htdocs/narsysapi/vendor/laravel/lumen-framework/src/Concerns/RoutesRequests.php(172): Laravel\\Lumen\\Application->sendThroughPipeline()
#26 /opt/lampp/htdocs/narsysapi/vendor/laravel/lumen-framework/src/Concerns/RoutesRequests.php(109): Laravel\\Lumen\\Application->dispatch()
#27 /opt/lampp/htdocs/narsysapi/public/index.php(28): Laravel\\Lumen\\Application->run()
#28 {main}

[previous exception] [object] (PDOException(code: 42000): SQLSTATE[42000]: Syntax error or access violation: 1064 You have an error in your SQL syntax; check the manual that corresponds to your MariaDB server version for the right syntax to use near 'ORDER BY score ASC' at line 1 at /opt/lampp/htdocs/narsysapi/vendor/illuminate/database/Connection.php:338)
[stacktrace]
#0 /opt/lampp/htdocs/narsysapi/vendor/illuminate/database/Connection.php(338): PDO->prepare()
#1 /opt/lampp/htdocs/narsysapi/vendor/illuminate/database/Connection.php(671): Illuminate\\Database\\Connection->Illuminate\\Database\\{closure}()
#2 /opt/lampp/htdocs/narsysapi/vendor/illuminate/database/Connection.php(638): Illuminate\\Database\\Connection->runQueryCallback()
#3 /opt/lampp/htdocs/narsysapi/vendor/illuminate/database/Connection.php(346): Illuminate\\Database\\Connection->run()
#4 /opt/lampp/htdocs/narsysapi/vendor/illuminate/database/DatabaseManager.php(371): Illuminate\\Database\\Connection->select()
#5 /opt/lampp/htdocs/narsysapi/vendor/illuminate/support/Facades/Facade.php(261): Illuminate\\Database\\DatabaseManager->__call()
#6 /opt/lampp/htdocs/narsysapi/app/Http/Controllers/RekapController.php(43): Illuminate\\Support\\Facades\\Facade::__callStatic()
#7 /opt/lampp/htdocs/narsysapi/vendor/illuminate/container/BoundMethod.php(36): App\\Http\\Controllers\\RekapController->show()
#8 /opt/lampp/htdocs/narsysapi/vendor/illuminate/container/Util.php(40): Illuminate\\Container\\BoundMethod::Illuminate\\Container\\{closure}()
#9 /opt/lampp/htdocs/narsysapi/vendor/illuminate/container/BoundMethod.php(93): Illuminate\\Container\\Util::unwrapIfClosure()
#10 /opt/lampp/htdocs/narsysapi/vendor/illuminate/container/BoundMethod.php(37): Illuminate\\Container\\BoundMethod::callBoundMethod()
#11 /opt/lampp/htdocs/narsysapi/vendor/illuminate/container/Container.php(611): Illuminate\\Container\\BoundMethod::call()
#12 /opt/lampp/htdocs/narsysapi/vendor/laravel/lumen-framework/src/Concerns/RoutesRequests.php(386): Illuminate\\Container\\Container->call()
#13 /opt/lampp/htdocs/narsysapi/vendor/laravel/lumen-framework/src/Concerns/RoutesRequests.php(352): Laravel\\Lumen\\Application->callControllerCallable()
#14 /opt/lampp/htdocs/narsysapi/vendor/laravel/lumen-framework/src/Concerns/RoutesRequests.php(326): Laravel\\Lumen\\Application->callLumenController()
#15 /opt/lampp/htdocs/narsysapi/vendor/laravel/lumen-framework/src/Concerns/RoutesRequests.php(279): Laravel\\Lumen\\Application->callControllerAction()
#16 /opt/lampp/htdocs/narsysapi/vendor/laravel/lumen-framework/src/Concerns/RoutesRequests.php(259): Laravel\\Lumen\\Application->callActionOnArrayBasedRoute()
#17 /opt/lampp/htdocs/narsysapi/vendor/laravel/lumen-framework/src/Routing/Pipeline.php(48): Laravel\\Lumen\\Application->Laravel\\Lumen\\Concerns\\{closure}()
#18 /opt/lampp/htdocs/narsysapi/app/Http/Middleware/CorsMiddleware.php(31): Laravel\\Lumen\\Routing\\Pipeline->Laravel\\Lumen\\Routing\\{closure}()
#19 /opt/lampp/htdocs/narsysapi/vendor/illuminate/pipeline/Pipeline.php(167): App\\Http\\Middleware\\CorsMiddleware->handle()
#20 /opt/lampp/htdocs/narsysapi/vendor/laravel/lumen-framework/src/Routing/Pipeline.php(30): Illuminate\\Pipeline\\Pipeline->Illuminate\\Pipeline\\{closure}()
#21 /opt/lampp/htdocs/narsysapi/vendor/illuminate/pipeline/Pipeline.php(103): Laravel\\Lumen\\Routing\\Pipeline->Laravel\\Lumen\\Routing\\{closure}()
#22 /opt/lampp/htdocs/narsysapi/vendor/laravel/lumen-framework/src/Concerns/RoutesRequests.php(423): Illuminate\\Pipeline\\Pipeline->then()
#23 /opt/lampp/htdocs/narsysapi/vendor/laravel/lumen-framework/src/Concerns/RoutesRequests.php(260): Laravel\\Lumen\\Application->sendThroughPipeline()
#24 /opt/lampp/htdocs/narsysapi/vendor/laravel/lumen-framework/src/Concerns/RoutesRequests.php(234): Laravel\\Lumen\\Application->handleFoundRoute()
#25 /opt/lampp/htdocs/narsysapi/vendor/laravel/lumen-framework/src/Concerns/RoutesRequests.php(170): Laravel\\Lumen\\Application->handleDispatcherResponse()
#26 /opt/lampp/htdocs/narsysapi/vendor/laravel/lumen-framework/src/Concerns/RoutesRequests.php(426): Laravel\\Lumen\\Application->Laravel\\Lumen\\Concerns\\{closure}()
#27 /opt/lampp/htdocs/narsysapi/vendor/laravel/lumen-framework/src/Concerns/RoutesRequests.php(172): Laravel\\Lumen\\Application->sendThroughPipeline()
#28 /opt/lampp/htdocs/narsysapi/vendor/laravel/lumen-framework/src/Concerns/RoutesRequests.php(109): Laravel\\Lumen\\Application->dispatch()
#29 /opt/lampp/htdocs/narsysapi/public/index.php(28): Laravel\\Lumen\\Application->run()
#30 {main}
"} 
