[2021-05-06 05:08:16] local.ERROR: Creating default object from empty value {"exception":"[object] (ErrorException(code: 0): Creating default object from empty value at /opt/lampp/htdocs/narsysapi/app/Http/Controllers/UsulanController.php:181)
[stacktrace]
#0 /opt/lampp/htdocs/narsysapi/app/Http/Controllers/UsulanController.php(181): Laravel\\Lumen\\Application->Laravel\\Lumen\\Concerns\\{closure}()
#1 /opt/lampp/htdocs/narsysapi/vendor/illuminate/container/BoundMethod.php(36): App\\Http\\Controllers\\UsulanController->updateMetPen()
#2 /opt/lampp/htdocs/narsysapi/vendor/illuminate/container/Util.php(40): Illuminate\\Container\\BoundMethod::Illuminate\\Container\\{closure}()
#3 /opt/lampp/htdocs/narsysapi/vendor/illuminate/container/BoundMethod.php(93): Illuminate\\Container\\Util::unwrapIfClosure()
#4 /opt/lampp/htdocs/narsysapi/vendor/illuminate/container/BoundMethod.php(37): Illuminate\\Container\\BoundMethod::callBoundMethod()
#5 /opt/lampp/htdocs/narsysapi/vendor/illuminate/container/Container.php(611): Illuminate\\Container\\BoundMethod::call()
#6 /opt/lampp/htdocs/narsysapi/vendor/laravel/lumen-framework/src/Concerns/RoutesRequests.php(386): Illuminate\\Container\\Container->call()
#7 /opt/lampp/htdocs/narsysapi/vendor/laravel/lumen-framework/src/Concerns/RoutesRequests.php(352): Laravel\\Lumen\\Application->callControllerCallable()
#8 /opt/lampp/htdocs/narsysapi/vendor/laravel/lumen-framework/src/Concerns/RoutesRequests.php(326): Laravel\\Lumen\\Application->callLumenController()
#9 /opt/lampp/htdocs/narsysapi/vendor/laravel/lumen-framework/src/Concerns/RoutesRequests.php(279): Laravel\\Lumen\\Application->callControllerAction()
#10 /opt/lampp/htdocs/narsysapi/vendor/laravel/lumen-framework/src/Concerns/RoutesRequests.php(259): Laravel\\Lumen\\Application->callActionOnArrayBasedRoute()
#11 /opt/lampp/htdocs/narsysapi/vendor/laravel/lumen-framework/src/Routing/Pipeline.php(48): Laravel\\Lumen\\Application->Laravel\\Lumen\\Concerns\\{closure}()
#12 /opt/lampp/htdocs/narsysapi/app/Http/Middleware/CorsMiddleware.php(31): Laravel\\Lumen\\Routing\\Pipeline->Laravel\\Lumen\\Routing\\{closure}()
#13 /opt/lampp/htdocs/narsysapi/vendor/illuminate/pipeline/Pipeline.php(167): App\\Http\\Middleware\\CorsMiddleware->handle()
#14 /opt/lampp/htdocs/narsysapi/vendor/laravel/lumen-framework/src/Routing/Pipeline.php(30): Illuminate\\Pipeline\\Pipeline->Illuminate\\Pipeline\\{closure}()
#15 /opt/lampp/htdocs/narsysapi/vendor/illuminate/pipeline/Pipeline.php(103): Laravel\\Lumen\\Routing\\Pipeline->Laravel\\Lumen\\Routing\\{closure}()
#16 /opt/lampp/htdocs/narsysapi/vendor/laravel/lumen-framework/src/Concerns/RoutesRequests.php(423): Illuminate\\Pipeline\\Pipeline->then()
#17 /opt/lampp/htdocs/narsysapi/vendor/laravel/lumen-framework/src/Concerns/RoutesRequests.php(260): Laravel\\Lumen\\Application->sendThroughPipeline()
#18 /opt/lampp/htdocs/narsysapi/vendor/laravel/lumen-framework/src/Concerns/RoutesRequests.php(234): Laravel\\Lumen\\Application->handleFoundRoute()
#19 /opt/lampp/htdocs/narsysapi/vendor/laravel/lumen-framework/src/Concerns/RoutesRequests.php(170): Laravel\\Lumen\\Application->handleDispatcherResponse()
#20 /opt/lampp/htdocs/narsysapi/vendor/laravel/lumen-framework/src/Concerns/RoutesRequests.php(426): Laravel\\Lumen\\Application->Laravel\\Lumen\\Concerns\\{closure}()
#21 /opt/lampp/htdocs/narsysapi/vendor/laravel/lumen-framework/src/Concerns/RoutesRequests.php(172): Laravel\\Lumen\\Application->sendThroughPipeline()
#22 /opt/lampp/htdocs/narsysapi/vendor/laravel/lumen-framework/src/Concerns/RoutesRequests.php(109): Laravel\\Lumen\\Application->dispatch()
#23 /opt/lampp/htdocs/narsysapi/public/index.php(28): Laravel\\Lumen\\Application->run()
#24 {main}
"} 
[2021-05-06 05:08:23] local.ERROR: Creating default object from empty value {"exception":"[object] (ErrorException(code: 0): Creating default object from empty value at /opt/lampp/htdocs/narsysapi/app/Http/Controllers/UsulanController.php:181)
[stacktrace]
#0 /opt/lampp/htdocs/narsysapi/app/Http/Controllers/UsulanController.php(181): Laravel\\Lumen\\Application->Laravel\\Lumen\\Concerns\\{closure}()
#1 /opt/lampp/htdocs/narsysapi/vendor/illuminate/container/BoundMethod.php(36): App\\Http\\Controllers\\UsulanController->updateMetPen()
#2 /opt/lampp/htdocs/narsysapi/vendor/illuminate/container/Util.php(40): Illuminate\\Container\\BoundMethod::Illuminate\\Container\\{closure}()
#3 /opt/lampp/htdocs/narsysapi/vendor/illuminate/container/BoundMethod.php(93): Illuminate\\Container\\Util::unwrapIfClosure()
#4 /opt/lampp/htdocs/narsysapi/vendor/illuminate/container/BoundMethod.php(37): Illuminate\\Container\\BoundMethod::callBoundMethod()
#5 /opt/lampp/htdocs/narsysapi/vendor/illuminate/container/Container.php(611): Illuminate\\Container\\BoundMethod::call()
#6 /opt/lampp/htdocs/narsysapi/vendor/laravel/lumen-framework/src/Concerns/RoutesRequests.php(386): Illuminate\\Container\\Container->call()
#7 /opt/lampp/htdocs/narsysapi/vendor/laravel/lumen-framework/src/Concerns/RoutesRequests.php(352): Laravel\\Lumen\\Application->callControllerCallable()
#8 /opt/lampp/htdocs/narsysapi/vendor/laravel/lumen-framework/src/Concerns/RoutesRequests.php(326): Laravel\\Lumen\\Application->callLumenController()
#9 /opt/lampp/htdocs/narsysapi/vendor/laravel/lumen-framework/src/Concerns/RoutesRequests.php(279): Laravel\\Lumen\\Application->callControllerAction()
#10 /opt/lampp/htdocs/narsysapi/vendor/laravel/lumen-framework/src/Concerns/RoutesRequests.php(259): Laravel\\Lumen\\Application->callActionOnArrayBasedRoute()
#11 /opt/lampp/htdocs/narsysapi/vendor/laravel/lumen-framework/src/Routing/Pipeline.php(48): Laravel\\Lumen\\Application->Laravel\\Lumen\\Concerns\\{closure}()
#12 /opt/lampp/htdocs/narsysapi/app/Http/Middleware/CorsMiddleware.php(31): Laravel\\Lumen\\Routing\\Pipeline->Laravel\\Lumen\\Routing\\{closure}()
#13 /opt/lampp/htdocs/narsysapi/vendor/illuminate/pipeline/Pipeline.php(167): App\\Http\\Middleware\\CorsMiddleware->handle()
#14 /opt/lampp/htdocs/narsysapi/vendor/laravel/lumen-framework/src/Routing/Pipeline.php(30): Illuminate\\Pipeline\\Pipeline->Illuminate\\Pipeline\\{closure}()
#15 /opt/lampp/htdocs/narsysapi/vendor/illuminate/pipeline/Pipeline.php(103): Laravel\\Lumen\\Routing\\Pipeline->Laravel\\Lumen\\Routing\\{closure}()
#16 /opt/lampp/htdocs/narsysapi/vendor/laravel/lumen-framework/src/Concerns/RoutesRequests.php(423): Illuminate\\Pipeline\\Pipeline->then()
#17 /opt/lampp/htdocs/narsysapi/vendor/laravel/lumen-framework/src/Concerns/RoutesRequests.php(260): Laravel\\Lumen\\Application->sendThroughPipeline()
#18 /opt/lampp/htdocs/narsysapi/vendor/laravel/lumen-framework/src/Concerns/RoutesRequests.php(234): Laravel\\Lumen\\Application->handleFoundRoute()
#19 /opt/lampp/htdocs/narsysapi/vendor/laravel/lumen-framework/src/Concerns/RoutesRequests.php(170): Laravel\\Lumen\\Application->handleDispatcherResponse()
#20 /opt/lampp/htdocs/narsysapi/vendor/laravel/lumen-framework/src/Concerns/RoutesRequests.php(426): Laravel\\Lumen\\Application->Laravel\\Lumen\\Concerns\\{closure}()
#21 /opt/lampp/htdocs/narsysapi/vendor/laravel/lumen-framework/src/Concerns/RoutesRequests.php(172): Laravel\\Lumen\\Application->sendThroughPipeline()
#22 /opt/lampp/htdocs/narsysapi/vendor/laravel/lumen-framework/src/Concerns/RoutesRequests.php(109): Laravel\\Lumen\\Application->dispatch()
#23 /opt/lampp/htdocs/narsysapi/public/index.php(28): Laravel\\Lumen\\Application->run()
#24 {main}
"} 
[2021-05-06 05:08:37] local.ERROR: Creating default object from empty value {"exception":"[object] (ErrorException(code: 0): Creating default object from empty value at /opt/lampp/htdocs/narsysapi/app/Http/Controllers/UsulanController.php:181)
[stacktrace]
#0 /opt/lampp/htdocs/narsysapi/app/Http/Controllers/UsulanController.php(181): Laravel\\Lumen\\Application->Laravel\\Lumen\\Concerns\\{closure}()
#1 /opt/lampp/htdocs/narsysapi/vendor/illuminate/container/BoundMethod.php(36): App\\Http\\Controllers\\UsulanController->updateMetPen()
#2 /opt/lampp/htdocs/narsysapi/vendor/illuminate/container/Util.php(40): Illuminate\\Container\\BoundMethod::Illuminate\\Container\\{closure}()
#3 /opt/lampp/htdocs/narsysapi/vendor/illuminate/container/BoundMethod.php(93): Illuminate\\Container\\Util::unwrapIfClosure()
#4 /opt/lampp/htdocs/narsysapi/vendor/illuminate/container/BoundMethod.php(37): Illuminate\\Container\\BoundMethod::callBoundMethod()
#5 /opt/lampp/htdocs/narsysapi/vendor/illuminate/container/Container.php(611): Illuminate\\Container\\BoundMethod::call()
#6 /opt/lampp/htdocs/narsysapi/vendor/laravel/lumen-framework/src/Concerns/RoutesRequests.php(386): Illuminate\\Container\\Container->call()
#7 /opt/lampp/htdocs/narsysapi/vendor/laravel/lumen-framework/src/Concerns/RoutesRequests.php(352): Laravel\\Lumen\\Application->callControllerCallable()
#8 /opt/lampp/htdocs/narsysapi/vendor/laravel/lumen-framework/src/Concerns/RoutesRequests.php(326): Laravel\\Lumen\\Application->callLumenController()
#9 /opt/lampp/htdocs/narsysapi/vendor/laravel/lumen-framework/src/Concerns/RoutesRequests.php(279): Laravel\\Lumen\\Application->callControllerAction()
#10 /opt/lampp/htdocs/narsysapi/vendor/laravel/lumen-framework/src/Concerns/RoutesRequests.php(259): Laravel\\Lumen\\Application->callActionOnArrayBasedRoute()
#11 /opt/lampp/htdocs/narsysapi/vendor/laravel/lumen-framework/src/Routing/Pipeline.php(48): Laravel\\Lumen\\Application->Laravel\\Lumen\\Concerns\\{closure}()
#12 /opt/lampp/htdocs/narsysapi/app/Http/Middleware/CorsMiddleware.php(31): Laravel\\Lumen\\Routing\\Pipeline->Laravel\\Lumen\\Routing\\{closure}()
#13 /opt/lampp/htdocs/narsysapi/vendor/illuminate/pipeline/Pipeline.php(167): App\\Http\\Middleware\\CorsMiddleware->handle()
#14 /opt/lampp/htdocs/narsysapi/vendor/laravel/lumen-framework/src/Routing/Pipeline.php(30): Illuminate\\Pipeline\\Pipeline->Illuminate\\Pipeline\\{closure}()
#15 /opt/lampp/htdocs/narsysapi/vendor/illuminate/pipeline/Pipeline.php(103): Laravel\\Lumen\\Routing\\Pipeline->Laravel\\Lumen\\Routing\\{closure}()
#16 /opt/lampp/htdocs/narsysapi/vendor/laravel/lumen-framework/src/Concerns/RoutesRequests.php(423): Illuminate\\Pipeline\\Pipeline->then()
#17 /opt/lampp/htdocs/narsysapi/vendor/laravel/lumen-framework/src/Concerns/RoutesRequests.php(260): Laravel\\Lumen\\Application->sendThroughPipeline()
#18 /opt/lampp/htdocs/narsysapi/vendor/laravel/lumen-framework/src/Concerns/RoutesRequests.php(234): Laravel\\Lumen\\Application->handleFoundRoute()
#19 /opt/lampp/htdocs/narsysapi/vendor/laravel/lumen-framework/src/Concerns/RoutesRequests.php(170): Laravel\\Lumen\\Application->handleDispatcherResponse()
#20 /opt/lampp/htdocs/narsysapi/vendor/laravel/lumen-framework/src/Concerns/RoutesRequests.php(426): Laravel\\Lumen\\Application->Laravel\\Lumen\\Concerns\\{closure}()
#21 /opt/lampp/htdocs/narsysapi/vendor/laravel/lumen-framework/src/Concerns/RoutesRequests.php(172): Laravel\\Lumen\\Application->sendThroughPipeline()
#22 /opt/lampp/htdocs/narsysapi/vendor/laravel/lumen-framework/src/Concerns/RoutesRequests.php(109): Laravel\\Lumen\\Application->dispatch()
#23 /opt/lampp/htdocs/narsysapi/public/index.php(28): Laravel\\Lumen\\Application->run()
#24 {main}
"} 
